{"contracts/SimpleSwap.sol":{"l":{"113":11,"114":11,"121":11,"122":11,"123":11,"125":11,"128":11,"129":9,"131":8,"132":8,"141":2,"142":2,"145":2,"146":2,"149":2,"156":10,"157":10,"158":0,"163":10,"164":10,"165":0,"169":10,"174":8,"178":8,"179":8,"183":2,"187":9,"188":9,"191":9,"193":9,"211":1,"212":1,"213":1,"216":1,"217":1,"220":1,"223":1,"224":1,"225":1,"226":1,"229":1,"233":1,"235":1,"236":1,"237":0,"241":1,"243":1,"244":1,"245":0,"249":1,"251":1,"266":3,"267":3,"268":3,"269":3,"272":3,"273":3,"276":3,"277":2,"282":2,"283":1,"284":0,"288":1,"290":1,"291":1,"292":0,"295":1,"296":1,"297":1,"300":1,"302":1,"314":1,"315":1,"318":1,"319":1,"333":1,"335":1,"355":2,"357":2,"358":1,"359":1,"361":1,"362":1,"363":1,"364":1,"378":3,"379":3,"380":3,"393":2,"394":2,"396":2,"410":2,"411":2,"424":3,"425":2},"path":"/home/ealvarez/ethKipu/Solidity_TP4/contracts/SimpleSwap.sol","s":{"1":11,"2":11,"3":11,"4":11,"5":11,"6":9,"7":2,"8":2,"9":10,"10":0,"11":10,"12":0,"13":10,"14":8,"15":8,"16":9,"17":9,"18":9,"19":9,"20":1,"21":1,"22":1,"23":1,"24":1,"25":1,"26":1,"27":1,"28":1,"29":1,"30":1,"31":1,"32":0,"33":1,"34":1,"35":1,"36":0,"37":1,"38":1,"39":3,"40":3,"41":3,"42":3,"43":3,"44":3,"45":3,"46":2,"47":2,"48":1,"49":0,"50":1,"51":1,"52":1,"53":0,"54":1,"55":1,"56":1,"57":1,"58":1,"59":1,"60":1,"61":2,"62":2,"63":1,"64":1,"65":1,"66":1,"67":1,"68":1,"69":3,"70":3,"71":2,"72":2,"73":2},"b":{"1":[11,0],"2":[11,0],"3":[9,2],"4":[8,1],"5":[2,0],"6":[2,0],"7":[0,10],"8":[0,10],"9":[8,2],"10":[9,0],"11":[1,0],"12":[1,0],"13":[1,0],"14":[1,0],"15":[1,0],"16":[1,0],"17":[1,0],"18":[0,1],"19":[0,1],"20":[3,0],"21":[3,0],"22":[3,0],"23":[3,0],"24":[2,0],"25":[0,1],"26":[0,1],"27":[1,0],"28":[1,0],"29":[1,1],"30":[1,0],"31":[1,0],"32":[3,0],"33":[3,0],"34":[2,0]},"f":{"1":11,"2":11,"3":1,"4":3,"5":1,"6":1,"7":2,"8":3,"9":2,"10":2,"11":3},"fnMap":{"1":{"name":"constructor","line":90,"loc":{"start":{"line":90,"column":4},"end":{"line":90,"column":84}}},"2":{"name":"addLiquidity","line":109,"loc":{"start":{"line":109,"column":4},"end":{"line":194,"column":4}}},"3":{"name":"removeLiquidity","line":209,"loc":{"start":{"line":209,"column":4},"end":{"line":252,"column":4}}},"4":{"name":"swapExactTokensForTokens","line":264,"loc":{"start":{"line":264,"column":4},"end":{"line":303,"column":4}}},"5":{"name":"getPrice","line":312,"loc":{"start":{"line":312,"column":4},"end":{"line":320,"column":4}}},"6":{"name":"getAmountOut","line":330,"loc":{"start":{"line":330,"column":4},"end":{"line":336,"column":4}}},"7":{"name":"_calculateOptimalAmounts","line":353,"loc":{"start":{"line":353,"column":4},"end":{"line":366,"column":4}}},"8":{"name":"_getProportionalValue","line":376,"loc":{"start":{"line":376,"column":4},"end":{"line":381,"column":4}}},"9":{"name":"_calculateLiquidity","line":391,"loc":{"start":{"line":391,"column":4},"end":{"line":397,"column":4}}},"10":{"name":"_getEffectiveLiquidOut","line":407,"loc":{"start":{"line":407,"column":4},"end":{"line":412,"column":4}}},"11":{"name":"_getEffectiveAmountOut","line":422,"loc":{"start":{"line":422,"column":4},"end":{"line":426,"column":4}}}},"statementMap":{"1":{"start":{"line":113,"column":8},"end":{"line":113,"column":61}},"2":{"start":{"line":114,"column":8},"end":{"line":114,"column":47}},"3":{"start":{"line":121,"column":8},"end":{"line":121,"column":36}},"4":{"start":{"line":125,"column":8},"end":{"line":125,"column":50}},"5":{"start":{"line":128,"column":8},"end":{"line":128,"column":5496}},"6":{"start":{"line":129,"column":12},"end":{"line":129,"column":58}},"7":{"start":{"line":141,"column":12},"end":{"line":141,"column":56}},"8":{"start":{"line":142,"column":12},"end":{"line":142,"column":56}},"9":{"start":{"line":157,"column":12},"end":{"line":157,"column":6851}},"10":{"start":{"line":158,"column":16},"end":{"line":158,"column":41}},"11":{"start":{"line":164,"column":12},"end":{"line":164,"column":7126}},"12":{"start":{"line":165,"column":16},"end":{"line":165,"column":41}},"13":{"start":{"line":169,"column":8},"end":{"line":169,"column":7273}},"14":{"start":{"line":174,"column":12},"end":{"line":174,"column":49}},"15":{"start":{"line":178,"column":12},"end":{"line":178,"column":50}},"16":{"start":{"line":187,"column":8},"end":{"line":187,"column":52}},"17":{"start":{"line":188,"column":8},"end":{"line":188,"column":36}},"18":{"start":{"line":191,"column":8},"end":{"line":191,"column":95}},"19":{"start":{"line":193,"column":8},"end":{"line":193,"column":53}},"20":{"start":{"line":211,"column":8},"end":{"line":211,"column":61}},"21":{"start":{"line":212,"column":8},"end":{"line":212,"column":52}},"22":{"start":{"line":213,"column":8},"end":{"line":213,"column":52}},"23":{"start":{"line":216,"column":8},"end":{"line":216,"column":50}},"24":{"start":{"line":217,"column":8},"end":{"line":217,"column":55}},"25":{"start":{"line":220,"column":8},"end":{"line":220,"column":66}},"26":{"start":{"line":224,"column":8},"end":{"line":224,"column":50}},"27":{"start":{"line":226,"column":8},"end":{"line":226,"column":50}},"28":{"start":{"line":229,"column":8},"end":{"line":229,"column":35}},"29":{"start":{"line":233,"column":8},"end":{"line":233,"column":52}},"30":{"start":{"line":235,"column":8},"end":{"line":235,"column":77}},"31":{"start":{"line":236,"column":8},"end":{"line":236,"column":10434}},"32":{"start":{"line":237,"column":12},"end":{"line":237,"column":36}},"33":{"start":{"line":241,"column":8},"end":{"line":241,"column":52}},"34":{"start":{"line":243,"column":8},"end":{"line":243,"column":77}},"35":{"start":{"line":244,"column":8},"end":{"line":244,"column":10689}},"36":{"start":{"line":245,"column":12},"end":{"line":245,"column":36}},"37":{"start":{"line":249,"column":8},"end":{"line":249,"column":78}},"38":{"start":{"line":251,"column":8},"end":{"line":251,"column":33}},"39":{"start":{"line":266,"column":8},"end":{"line":266,"column":61}},"40":{"start":{"line":267,"column":8},"end":{"line":267,"column":49}},"41":{"start":{"line":268,"column":8},"end":{"line":268,"column":53}},"42":{"start":{"line":269,"column":8},"end":{"line":269,"column":53}},"43":{"start":{"line":272,"column":8},"end":{"line":272,"column":31}},"44":{"start":{"line":273,"column":8},"end":{"line":273,"column":32}},"45":{"start":{"line":276,"column":8},"end":{"line":276,"column":77}},"46":{"start":{"line":277,"column":8},"end":{"line":277,"column":55}},"47":{"start":{"line":282,"column":8},"end":{"line":282,"column":86}},"48":{"start":{"line":283,"column":12},"end":{"line":283,"column":12493}},"49":{"start":{"line":284,"column":16},"end":{"line":284,"column":40}},"50":{"start":{"line":288,"column":8},"end":{"line":288,"column":55}},"51":{"start":{"line":290,"column":8},"end":{"line":290,"column":80}},"52":{"start":{"line":291,"column":12},"end":{"line":291,"column":12768}},"53":{"start":{"line":292,"column":16},"end":{"line":292,"column":40}},"54":{"start":{"line":295,"column":8},"end":{"line":295,"column":52}},"55":{"start":{"line":300,"column":8},"end":{"line":300,"column":79}},"56":{"start":{"line":302,"column":8},"end":{"line":302,"column":23}},"57":{"start":{"line":314,"column":8},"end":{"line":314,"column":49}},"58":{"start":{"line":315,"column":8},"end":{"line":315,"column":49}},"59":{"start":{"line":319,"column":8},"end":{"line":319,"column":20}},"60":{"start":{"line":335,"column":8},"end":{"line":335,"column":24}},"61":{"start":{"line":355,"column":8},"end":{"line":355,"column":92}},"62":{"start":{"line":357,"column":8},"end":{"line":357,"column":15658}},"63":{"start":{"line":358,"column":12},"end":{"line":358,"column":71}},"64":{"start":{"line":359,"column":12},"end":{"line":359,"column":56}},"65":{"start":{"line":361,"column":12},"end":{"line":361,"column":99}},"66":{"start":{"line":362,"column":12},"end":{"line":362,"column":56}},"67":{"start":{"line":363,"column":12},"end":{"line":363,"column":71}},"68":{"start":{"line":364,"column":12},"end":{"line":364,"column":56}},"69":{"start":{"line":378,"column":8},"end":{"line":378,"column":47}},"70":{"start":{"line":379,"column":8},"end":{"line":379,"column":58}},"71":{"start":{"line":396,"column":8},"end":{"line":396,"column":93}},"72":{"start":{"line":411,"column":8},"end":{"line":411,"column":24}},"73":{"start":{"line":425,"column":8},"end":{"line":425,"column":24}}},"branchMap":{"1":{"line":113,"type":"if","locations":[{"start":{"line":113,"column":8},"end":{"line":113,"column":8}},{"start":{"line":113,"column":8},"end":{"line":113,"column":8}}]},"2":{"line":114,"type":"if","locations":[{"start":{"line":114,"column":8},"end":{"line":114,"column":8}},{"start":{"line":114,"column":8},"end":{"line":114,"column":8}}]},"3":{"line":128,"type":"if","locations":[{"start":{"line":128,"column":8},"end":{"line":128,"column":8}},{"start":{"line":128,"column":8},"end":{"line":128,"column":8}}]},"4":{"line":129,"type":"if","locations":[{"start":{"line":129,"column":12},"end":{"line":129,"column":12}},{"start":{"line":129,"column":12},"end":{"line":129,"column":12}}]},"5":{"line":141,"type":"if","locations":[{"start":{"line":141,"column":12},"end":{"line":141,"column":12}},{"start":{"line":141,"column":12},"end":{"line":141,"column":12}}]},"6":{"line":142,"type":"if","locations":[{"start":{"line":142,"column":12},"end":{"line":142,"column":12}},{"start":{"line":142,"column":12},"end":{"line":142,"column":12}}]},"7":{"line":157,"type":"if","locations":[{"start":{"line":157,"column":12},"end":{"line":157,"column":12}},{"start":{"line":157,"column":12},"end":{"line":157,"column":12}}]},"8":{"line":164,"type":"if","locations":[{"start":{"line":164,"column":12},"end":{"line":164,"column":12}},{"start":{"line":164,"column":12},"end":{"line":164,"column":12}}]},"9":{"line":169,"type":"if","locations":[{"start":{"line":169,"column":8},"end":{"line":169,"column":8}},{"start":{"line":169,"column":8},"end":{"line":169,"column":8}}]},"10":{"line":187,"type":"if","locations":[{"start":{"line":187,"column":8},"end":{"line":187,"column":8}},{"start":{"line":187,"column":8},"end":{"line":187,"column":8}}]},"11":{"line":211,"type":"if","locations":[{"start":{"line":211,"column":8},"end":{"line":211,"column":8}},{"start":{"line":211,"column":8},"end":{"line":211,"column":8}}]},"12":{"line":212,"type":"if","locations":[{"start":{"line":212,"column":8},"end":{"line":212,"column":8}},{"start":{"line":212,"column":8},"end":{"line":212,"column":8}}]},"13":{"line":213,"type":"if","locations":[{"start":{"line":213,"column":8},"end":{"line":213,"column":8}},{"start":{"line":213,"column":8},"end":{"line":213,"column":8}}]},"14":{"line":217,"type":"if","locations":[{"start":{"line":217,"column":8},"end":{"line":217,"column":8}},{"start":{"line":217,"column":8},"end":{"line":217,"column":8}}]},"15":{"line":220,"type":"if","locations":[{"start":{"line":220,"column":8},"end":{"line":220,"column":8}},{"start":{"line":220,"column":8},"end":{"line":220,"column":8}}]},"16":{"line":224,"type":"if","locations":[{"start":{"line":224,"column":8},"end":{"line":224,"column":8}},{"start":{"line":224,"column":8},"end":{"line":224,"column":8}}]},"17":{"line":226,"type":"if","locations":[{"start":{"line":226,"column":8},"end":{"line":226,"column":8}},{"start":{"line":226,"column":8},"end":{"line":226,"column":8}}]},"18":{"line":236,"type":"if","locations":[{"start":{"line":236,"column":8},"end":{"line":236,"column":8}},{"start":{"line":236,"column":8},"end":{"line":236,"column":8}}]},"19":{"line":244,"type":"if","locations":[{"start":{"line":244,"column":8},"end":{"line":244,"column":8}},{"start":{"line":244,"column":8},"end":{"line":244,"column":8}}]},"20":{"line":266,"type":"if","locations":[{"start":{"line":266,"column":8},"end":{"line":266,"column":8}},{"start":{"line":266,"column":8},"end":{"line":266,"column":8}}]},"21":{"line":267,"type":"if","locations":[{"start":{"line":267,"column":8},"end":{"line":267,"column":8}},{"start":{"line":267,"column":8},"end":{"line":267,"column":8}}]},"22":{"line":268,"type":"if","locations":[{"start":{"line":268,"column":8},"end":{"line":268,"column":8}},{"start":{"line":268,"column":8},"end":{"line":268,"column":8}}]},"23":{"line":269,"type":"if","locations":[{"start":{"line":269,"column":8},"end":{"line":269,"column":8}},{"start":{"line":269,"column":8},"end":{"line":269,"column":8}}]},"24":{"line":277,"type":"if","locations":[{"start":{"line":277,"column":8},"end":{"line":277,"column":8}},{"start":{"line":277,"column":8},"end":{"line":277,"column":8}}]},"25":{"line":283,"type":"if","locations":[{"start":{"line":283,"column":12},"end":{"line":283,"column":12}},{"start":{"line":283,"column":12},"end":{"line":283,"column":12}}]},"26":{"line":291,"type":"if","locations":[{"start":{"line":291,"column":12},"end":{"line":291,"column":12}},{"start":{"line":291,"column":12},"end":{"line":291,"column":12}}]},"27":{"line":314,"type":"if","locations":[{"start":{"line":314,"column":8},"end":{"line":314,"column":8}},{"start":{"line":314,"column":8},"end":{"line":314,"column":8}}]},"28":{"line":315,"type":"if","locations":[{"start":{"line":315,"column":8},"end":{"line":315,"column":8}},{"start":{"line":315,"column":8},"end":{"line":315,"column":8}}]},"29":{"line":357,"type":"if","locations":[{"start":{"line":357,"column":8},"end":{"line":357,"column":8}},{"start":{"line":357,"column":8},"end":{"line":357,"column":8}}]},"30":{"line":358,"type":"if","locations":[{"start":{"line":358,"column":12},"end":{"line":358,"column":12}},{"start":{"line":358,"column":12},"end":{"line":358,"column":12}}]},"31":{"line":363,"type":"if","locations":[{"start":{"line":363,"column":12},"end":{"line":363,"column":12}},{"start":{"line":363,"column":12},"end":{"line":363,"column":12}}]},"32":{"line":378,"type":"if","locations":[{"start":{"line":378,"column":8},"end":{"line":378,"column":8}},{"start":{"line":378,"column":8},"end":{"line":378,"column":8}}]},"33":{"line":379,"type":"if","locations":[{"start":{"line":379,"column":8},"end":{"line":379,"column":8}},{"start":{"line":379,"column":8},"end":{"line":379,"column":8}}]},"34":{"line":396,"type":"if","locations":[{"start":{"line":396,"column":56},"end":{"line":396,"column":72}},{"start":{"line":396,"column":76},"end":{"line":396,"column":92}}]}}},"contracts/Token1.sol":{"l":{"22":19,"23":19,"24":19,"25":19,"27":19,"37":29},"path":"/home/ealvarez/ethKipu/Solidity_TP4/contracts/Token1.sol","s":{"1":19,"2":19,"3":19,"4":19,"5":19,"6":29},"b":{"1":[29,0]},"f":{"1":19,"2":29},"fnMap":{"1":{"name":"constructor","line":21,"loc":{"start":{"line":21,"column":4},"end":{"line":28,"column":4}}},"2":{"name":"mint","line":36,"loc":{"start":{"line":36,"column":4},"end":{"line":38,"column":4}}}},"statementMap":{"1":{"start":{"line":22,"column":8},"end":{"line":22,"column":38}},"2":{"start":{"line":23,"column":8},"end":{"line":23,"column":49}},"3":{"start":{"line":24,"column":8},"end":{"line":24,"column":81}},"4":{"start":{"line":25,"column":8},"end":{"line":25,"column":81}},"5":{"start":{"line":27,"column":8},"end":{"line":27,"column":98}},"6":{"start":{"line":37,"column":8},"end":{"line":37,"column":24}}},"branchMap":{"1":{"line":36,"type":"if","locations":[{"start":{"line":36,"column":53},"end":{"line":36,"column":53}},{"start":{"line":36,"column":53},"end":{"line":36,"column":53}}]}}},"contracts/Token2.sol":{"l":{"22":19,"23":19,"24":19,"25":19,"27":19,"37":29},"path":"/home/ealvarez/ethKipu/Solidity_TP4/contracts/Token2.sol","s":{"1":19,"2":19,"3":19,"4":19,"5":19,"6":29},"b":{"1":[29,0]},"f":{"1":19,"2":29},"fnMap":{"1":{"name":"constructor","line":21,"loc":{"start":{"line":21,"column":4},"end":{"line":28,"column":4}}},"2":{"name":"mint","line":36,"loc":{"start":{"line":36,"column":4},"end":{"line":38,"column":4}}}},"statementMap":{"1":{"start":{"line":22,"column":8},"end":{"line":22,"column":38}},"2":{"start":{"line":23,"column":8},"end":{"line":23,"column":49}},"3":{"start":{"line":24,"column":8},"end":{"line":24,"column":81}},"4":{"start":{"line":25,"column":8},"end":{"line":25,"column":81}},"5":{"start":{"line":27,"column":8},"end":{"line":27,"column":98}},"6":{"start":{"line":37,"column":8},"end":{"line":37,"column":24}}},"branchMap":{"1":{"line":36,"type":"if","locations":[{"start":{"line":36,"column":53},"end":{"line":36,"column":53}},{"start":{"line":36,"column":53},"end":{"line":36,"column":53}}]}}}}