{"contracts/LiquidityToken.sol":{"l":{"14":15,"18":1},"path":"/home/ealvarez/ethKipu/Solidity_TP4/contracts/LiquidityToken.sol","s":{"1":15,"2":1},"b":{"1":[15,0],"2":[1,0]},"f":{"1":7,"2":15,"3":1},"fnMap":{"1":{"name":"constructor","line":10,"loc":{"start":{"line":10,"column":4},"end":{"line":11,"column":4}}},"2":{"name":"mint","line":13,"loc":{"start":{"line":13,"column":4},"end":{"line":15,"column":4}}},"3":{"name":"burnFrom","line":17,"loc":{"start":{"line":17,"column":4},"end":{"line":19,"column":4}}}},"statementMap":{"1":{"start":{"line":14,"column":8},"end":{"line":14,"column":24}},"2":{"start":{"line":18,"column":8},"end":{"line":18,"column":28}}},"branchMap":{"1":{"line":13,"type":"if","locations":[{"start":{"line":13,"column":53},"end":{"line":13,"column":53}},{"start":{"line":13,"column":53},"end":{"line":13,"column":53}}]},"2":{"line":17,"type":"if","locations":[{"start":{"line":17,"column":61},"end":{"line":17,"column":61}},{"start":{"line":17,"column":61},"end":{"line":17,"column":61}}]}}},"contracts/SimpleSwap.sol":{"l":{"97":10,"120":10,"121":10,"124":10,"125":10,"126":10,"129":10,"130":8,"132":7,"133":7,"134":7,"135":7,"136":7,"144":7,"145":7,"146":7,"147":7,"148":7,"149":7,"155":2,"156":2,"157":2,"158":2,"159":2,"161":2,"162":2,"165":2,"166":2,"169":2,"170":2,"171":1,"172":1,"173":1,"175":1,"176":1,"177":1,"178":1,"179":1,"187":9,"188":9,"189":0,"194":9,"195":9,"196":0,"200":9,"204":7,"205":7,"209":2,"210":2,"212":2,"213":2,"215":0,"220":8,"221":8,"225":8,"226":8,"227":8,"230":8,"232":8,"250":1,"251":1,"252":1,"256":1,"257":1,"258":1,"259":1,"260":1,"261":1,"263":1,"264":1,"267":1,"271":1,"272":1,"273":1,"274":1,"277":1,"281":1,"283":1,"284":1,"285":0,"289":1,"291":1,"292":1,"293":0,"297":1,"298":1,"299":1,"302":1,"304":1,"318":2,"319":2,"322":2,"323":2,"324":2,"325":2,"326":2,"327":2,"329":2,"330":2,"332":2,"333":2,"336":2,"337":2,"342":2,"343":1,"344":0,"348":1,"350":1,"351":1,"352":0,"355":1,"356":1,"357":1,"360":1,"361":1,"362":1,"365":1,"367":1,"380":1,"381":1,"382":1,"383":1,"384":1,"386":1,"387":1,"391":1,"392":1,"406":1,"408":1,"421":2,"422":2,"434":2,"435":2,"449":3,"450":3,"451":3,"463":23},"path":"/home/ealvarez/ethKipu/Solidity_TP4/contracts/SimpleSwap.sol","s":{"1":10,"2":10,"3":10,"4":10,"5":8,"6":2,"7":2,"8":2,"9":2,"10":1,"11":1,"12":1,"13":1,"14":9,"15":9,"16":0,"17":9,"18":9,"19":0,"20":9,"21":7,"22":2,"23":8,"24":8,"25":8,"26":8,"27":1,"28":1,"29":1,"30":1,"31":1,"32":1,"33":1,"34":1,"35":1,"36":1,"37":1,"38":1,"39":1,"40":0,"41":1,"42":1,"43":1,"44":0,"45":1,"46":1,"47":2,"48":2,"49":2,"50":2,"51":2,"52":2,"53":2,"54":2,"55":2,"56":2,"57":1,"58":0,"59":1,"60":1,"61":1,"62":0,"63":1,"64":1,"65":1,"66":1,"67":1,"68":1,"69":1,"70":1,"71":2,"72":2,"73":3,"74":3,"75":23},"b":{"1":[10,0],"2":[10,0],"3":[8,2],"4":[7,1],"5":[2,0],"6":[2,0],"7":[1,1],"8":[1,0],"9":[1,0],"10":[0,9],"11":[0,9],"12":[7,2],"13":[2,0],"14":[8,0],"15":[1,0],"16":[1,0],"17":[1,0],"18":[1,0],"19":[1,0],"20":[1,0],"21":[1,0],"22":[1,0],"23":[0,1],"24":[0,1],"25":[2,0],"26":[2,0],"27":[2,0],"28":[2,0],"29":[2,0],"30":[0,1],"31":[0,1],"32":[1,0],"33":[1,0],"34":[3,0],"35":[3,0]},"f":{"1":10,"2":10,"3":1,"4":2,"5":1,"6":1,"7":2,"8":2,"9":3,"10":23},"fnMap":{"1":{"name":"constructor","line":96,"loc":{"start":{"line":96,"column":4},"end":{"line":98,"column":4}}},"2":{"name":"addLiquidity","line":116,"loc":{"start":{"line":116,"column":4},"end":{"line":234,"column":4}}},"3":{"name":"removeLiquidity","line":248,"loc":{"start":{"line":248,"column":4},"end":{"line":305,"column":4}}},"4":{"name":"swapExactTokensForTokens","line":316,"loc":{"start":{"line":316,"column":4},"end":{"line":368,"column":4}}},"5":{"name":"getPrice","line":376,"loc":{"start":{"line":376,"column":4},"end":{"line":394,"column":4}}},"6":{"name":"getAmountOut","line":403,"loc":{"start":{"line":403,"column":4},"end":{"line":409,"column":4}}},"7":{"name":"_getEffectiveAmountOut","line":419,"loc":{"start":{"line":419,"column":4},"end":{"line":423,"column":4}}},"8":{"name":"_getEffectiveLiquidOut","line":431,"loc":{"start":{"line":431,"column":4},"end":{"line":436,"column":4}}},"9":{"name":"_getProportionalValue","line":447,"loc":{"start":{"line":447,"column":4},"end":{"line":452,"column":4}}},"10":{"name":"_transferFrom","line":462,"loc":{"start":{"line":462,"column":4},"end":{"line":464,"column":4}}}},"statementMap":{"1":{"start":{"line":120,"column":8},"end":{"line":120,"column":61}},"2":{"start":{"line":121,"column":8},"end":{"line":121,"column":47}},"3":{"start":{"line":124,"column":8},"end":{"line":124,"column":36}},"4":{"start":{"line":129,"column":8},"end":{"line":129,"column":5437}},"5":{"start":{"line":130,"column":12},"end":{"line":130,"column":63}},"6":{"start":{"line":161,"column":12},"end":{"line":161,"column":70}},"7":{"start":{"line":162,"column":12},"end":{"line":162,"column":70}},"8":{"start":{"line":169,"column":12},"end":{"line":169,"column":121}},"9":{"start":{"line":170,"column":12},"end":{"line":170,"column":7447}},"10":{"start":{"line":171,"column":16},"end":{"line":171,"column":76}},"11":{"start":{"line":175,"column":16},"end":{"line":175,"column":122}},"12":{"start":{"line":176,"column":16},"end":{"line":176,"column":60}},"13":{"start":{"line":177,"column":16},"end":{"line":177,"column":76}},"14":{"start":{"line":187,"column":8},"end":{"line":187,"column":102}},"15":{"start":{"line":188,"column":12},"end":{"line":188,"column":8393}},"16":{"start":{"line":189,"column":16},"end":{"line":189,"column":45}},"17":{"start":{"line":194,"column":8},"end":{"line":194,"column":102}},"18":{"start":{"line":195,"column":12},"end":{"line":195,"column":8672}},"19":{"start":{"line":196,"column":16},"end":{"line":196,"column":45}},"20":{"start":{"line":200,"column":8},"end":{"line":200,"column":8812}},"21":{"start":{"line":204,"column":12},"end":{"line":204,"column":75}},"22":{"start":{"line":212,"column":12},"end":{"line":212,"column":9633}},"23":{"start":{"line":220,"column":8},"end":{"line":220,"column":58}},"24":{"start":{"line":221,"column":8},"end":{"line":221,"column":61}},"25":{"start":{"line":230,"column":8},"end":{"line":230,"column":147}},"26":{"start":{"line":232,"column":8},"end":{"line":232,"column":75}},"27":{"start":{"line":250,"column":8},"end":{"line":250,"column":58}},"28":{"start":{"line":251,"column":8},"end":{"line":251,"column":61}},"29":{"start":{"line":252,"column":8},"end":{"line":252,"column":47}},"30":{"start":{"line":256,"column":8},"end":{"line":256,"column":36}},"31":{"start":{"line":263,"column":8},"end":{"line":263,"column":66}},"32":{"start":{"line":264,"column":8},"end":{"line":264,"column":66}},"33":{"start":{"line":267,"column":8},"end":{"line":267,"column":98}},"34":{"start":{"line":272,"column":8},"end":{"line":272,"column":50}},"35":{"start":{"line":274,"column":8},"end":{"line":274,"column":50}},"36":{"start":{"line":277,"column":8},"end":{"line":277,"column":64}},"37":{"start":{"line":281,"column":8},"end":{"line":281,"column":56}},"38":{"start":{"line":283,"column":8},"end":{"line":283,"column":83}},"39":{"start":{"line":284,"column":8},"end":{"line":284,"column":12969}},"40":{"start":{"line":285,"column":12},"end":{"line":285,"column":37}},"41":{"start":{"line":289,"column":8},"end":{"line":289,"column":56}},"42":{"start":{"line":291,"column":8},"end":{"line":291,"column":83}},"43":{"start":{"line":292,"column":8},"end":{"line":292,"column":13235}},"44":{"start":{"line":293,"column":12},"end":{"line":293,"column":37}},"45":{"start":{"line":302,"column":8},"end":{"line":302,"column":78}},"46":{"start":{"line":304,"column":8},"end":{"line":304,"column":33}},"47":{"start":{"line":318,"column":8},"end":{"line":318,"column":61}},"48":{"start":{"line":319,"column":8},"end":{"line":319,"column":49}},"49":{"start":{"line":322,"column":8},"end":{"line":322,"column":36}},"50":{"start":{"line":329,"column":8},"end":{"line":329,"column":31}},"51":{"start":{"line":330,"column":8},"end":{"line":330,"column":32}},"52":{"start":{"line":332,"column":8},"end":{"line":332,"column":66}},"53":{"start":{"line":333,"column":8},"end":{"line":333,"column":66}},"54":{"start":{"line":336,"column":8},"end":{"line":336,"column":99}},"55":{"start":{"line":337,"column":8},"end":{"line":337,"column":55}},"56":{"start":{"line":342,"column":8},"end":{"line":342,"column":92}},"57":{"start":{"line":343,"column":12},"end":{"line":343,"column":15494}},"58":{"start":{"line":344,"column":16},"end":{"line":344,"column":41}},"59":{"start":{"line":348,"column":8},"end":{"line":348,"column":59}},"60":{"start":{"line":350,"column":8},"end":{"line":350,"column":86}},"61":{"start":{"line":351,"column":12},"end":{"line":351,"column":15780}},"62":{"start":{"line":352,"column":16},"end":{"line":352,"column":41}},"63":{"start":{"line":355,"column":8},"end":{"line":355,"column":52}},"64":{"start":{"line":365,"column":8},"end":{"line":365,"column":109}},"65":{"start":{"line":367,"column":8},"end":{"line":367,"column":23}},"66":{"start":{"line":380,"column":8},"end":{"line":380,"column":36}},"67":{"start":{"line":386,"column":8},"end":{"line":386,"column":66}},"68":{"start":{"line":387,"column":8},"end":{"line":387,"column":66}},"69":{"start":{"line":392,"column":8},"end":{"line":392,"column":20}},"70":{"start":{"line":408,"column":8},"end":{"line":408,"column":24}},"71":{"start":{"line":422,"column":8},"end":{"line":422,"column":24}},"72":{"start":{"line":435,"column":8},"end":{"line":435,"column":24}},"73":{"start":{"line":449,"column":8},"end":{"line":449,"column":48}},"74":{"start":{"line":450,"column":8},"end":{"line":450,"column":64}},"75":{"start":{"line":463,"column":7},"end":{"line":463,"column":63}}},"branchMap":{"1":{"line":120,"type":"if","locations":[{"start":{"line":120,"column":8},"end":{"line":120,"column":8}},{"start":{"line":120,"column":8},"end":{"line":120,"column":8}}]},"2":{"line":121,"type":"if","locations":[{"start":{"line":121,"column":8},"end":{"line":121,"column":8}},{"start":{"line":121,"column":8},"end":{"line":121,"column":8}}]},"3":{"line":129,"type":"if","locations":[{"start":{"line":129,"column":8},"end":{"line":129,"column":8}},{"start":{"line":129,"column":8},"end":{"line":129,"column":8}}]},"4":{"line":130,"type":"if","locations":[{"start":{"line":130,"column":12},"end":{"line":130,"column":12}},{"start":{"line":130,"column":12},"end":{"line":130,"column":12}}]},"5":{"line":161,"type":"if","locations":[{"start":{"line":161,"column":12},"end":{"line":161,"column":12}},{"start":{"line":161,"column":12},"end":{"line":161,"column":12}}]},"6":{"line":162,"type":"if","locations":[{"start":{"line":162,"column":12},"end":{"line":162,"column":12}},{"start":{"line":162,"column":12},"end":{"line":162,"column":12}}]},"7":{"line":170,"type":"if","locations":[{"start":{"line":170,"column":12},"end":{"line":170,"column":12}},{"start":{"line":170,"column":12},"end":{"line":170,"column":12}}]},"8":{"line":171,"type":"if","locations":[{"start":{"line":171,"column":16},"end":{"line":171,"column":16}},{"start":{"line":171,"column":16},"end":{"line":171,"column":16}}]},"9":{"line":177,"type":"if","locations":[{"start":{"line":177,"column":16},"end":{"line":177,"column":16}},{"start":{"line":177,"column":16},"end":{"line":177,"column":16}}]},"10":{"line":188,"type":"if","locations":[{"start":{"line":188,"column":12},"end":{"line":188,"column":12}},{"start":{"line":188,"column":12},"end":{"line":188,"column":12}}]},"11":{"line":195,"type":"if","locations":[{"start":{"line":195,"column":12},"end":{"line":195,"column":12}},{"start":{"line":195,"column":12},"end":{"line":195,"column":12}}]},"12":{"line":200,"type":"if","locations":[{"start":{"line":200,"column":8},"end":{"line":200,"column":8}},{"start":{"line":200,"column":8},"end":{"line":200,"column":8}}]},"13":{"line":212,"type":"if","locations":[{"start":{"line":212,"column":12},"end":{"line":212,"column":12}},{"start":{"line":212,"column":12},"end":{"line":212,"column":12}}]},"14":{"line":220,"type":"if","locations":[{"start":{"line":220,"column":8},"end":{"line":220,"column":8}},{"start":{"line":220,"column":8},"end":{"line":220,"column":8}}]},"15":{"line":250,"type":"if","locations":[{"start":{"line":250,"column":8},"end":{"line":250,"column":8}},{"start":{"line":250,"column":8},"end":{"line":250,"column":8}}]},"16":{"line":251,"type":"if","locations":[{"start":{"line":251,"column":8},"end":{"line":251,"column":8}},{"start":{"line":251,"column":8},"end":{"line":251,"column":8}}]},"17":{"line":252,"type":"if","locations":[{"start":{"line":252,"column":8},"end":{"line":252,"column":8}},{"start":{"line":252,"column":8},"end":{"line":252,"column":8}}]},"18":{"line":263,"type":"if","locations":[{"start":{"line":263,"column":8},"end":{"line":263,"column":8}},{"start":{"line":263,"column":8},"end":{"line":263,"column":8}}]},"19":{"line":264,"type":"if","locations":[{"start":{"line":264,"column":8},"end":{"line":264,"column":8}},{"start":{"line":264,"column":8},"end":{"line":264,"column":8}}]},"20":{"line":267,"type":"if","locations":[{"start":{"line":267,"column":8},"end":{"line":267,"column":8}},{"start":{"line":267,"column":8},"end":{"line":267,"column":8}}]},"21":{"line":272,"type":"if","locations":[{"start":{"line":272,"column":8},"end":{"line":272,"column":8}},{"start":{"line":272,"column":8},"end":{"line":272,"column":8}}]},"22":{"line":274,"type":"if","locations":[{"start":{"line":274,"column":8},"end":{"line":274,"column":8}},{"start":{"line":274,"column":8},"end":{"line":274,"column":8}}]},"23":{"line":284,"type":"if","locations":[{"start":{"line":284,"column":8},"end":{"line":284,"column":8}},{"start":{"line":284,"column":8},"end":{"line":284,"column":8}}]},"24":{"line":292,"type":"if","locations":[{"start":{"line":292,"column":8},"end":{"line":292,"column":8}},{"start":{"line":292,"column":8},"end":{"line":292,"column":8}}]},"25":{"line":318,"type":"if","locations":[{"start":{"line":318,"column":8},"end":{"line":318,"column":8}},{"start":{"line":318,"column":8},"end":{"line":318,"column":8}}]},"26":{"line":319,"type":"if","locations":[{"start":{"line":319,"column":8},"end":{"line":319,"column":8}},{"start":{"line":319,"column":8},"end":{"line":319,"column":8}}]},"27":{"line":332,"type":"if","locations":[{"start":{"line":332,"column":8},"end":{"line":332,"column":8}},{"start":{"line":332,"column":8},"end":{"line":332,"column":8}}]},"28":{"line":333,"type":"if","locations":[{"start":{"line":333,"column":8},"end":{"line":333,"column":8}},{"start":{"line":333,"column":8},"end":{"line":333,"column":8}}]},"29":{"line":337,"type":"if","locations":[{"start":{"line":337,"column":8},"end":{"line":337,"column":8}},{"start":{"line":337,"column":8},"end":{"line":337,"column":8}}]},"30":{"line":343,"type":"if","locations":[{"start":{"line":343,"column":12},"end":{"line":343,"column":12}},{"start":{"line":343,"column":12},"end":{"line":343,"column":12}}]},"31":{"line":351,"type":"if","locations":[{"start":{"line":351,"column":12},"end":{"line":351,"column":12}},{"start":{"line":351,"column":12},"end":{"line":351,"column":12}}]},"32":{"line":386,"type":"if","locations":[{"start":{"line":386,"column":8},"end":{"line":386,"column":8}},{"start":{"line":386,"column":8},"end":{"line":386,"column":8}}]},"33":{"line":387,"type":"if","locations":[{"start":{"line":387,"column":8},"end":{"line":387,"column":8}},{"start":{"line":387,"column":8},"end":{"line":387,"column":8}}]},"34":{"line":449,"type":"if","locations":[{"start":{"line":449,"column":8},"end":{"line":449,"column":8}},{"start":{"line":449,"column":8},"end":{"line":449,"column":8}}]},"35":{"line":450,"type":"if","locations":[{"start":{"line":450,"column":8},"end":{"line":450,"column":8}},{"start":{"line":450,"column":8},"end":{"line":450,"column":8}}]}}},"contracts/Token1.sol":{"l":{"10":14,"11":14,"12":14,"13":14,"15":14,"19":25},"path":"/home/ealvarez/ethKipu/Solidity_TP4/contracts/Token1.sol","s":{"1":14,"2":14,"3":14,"4":14,"5":14,"6":25},"b":{"1":[25,0]},"f":{"1":14,"2":25},"fnMap":{"1":{"name":"constructor","line":9,"loc":{"start":{"line":9,"column":4},"end":{"line":16,"column":4}}},"2":{"name":"mint","line":18,"loc":{"start":{"line":18,"column":4},"end":{"line":20,"column":4}}}},"statementMap":{"1":{"start":{"line":10,"column":8},"end":{"line":10,"column":38}},"2":{"start":{"line":11,"column":8},"end":{"line":11,"column":49}},"3":{"start":{"line":12,"column":8},"end":{"line":12,"column":81}},"4":{"start":{"line":13,"column":8},"end":{"line":13,"column":81}},"5":{"start":{"line":15,"column":8},"end":{"line":15,"column":98}},"6":{"start":{"line":19,"column":8},"end":{"line":19,"column":24}}},"branchMap":{"1":{"line":18,"type":"if","locations":[{"start":{"line":18,"column":53},"end":{"line":18,"column":53}},{"start":{"line":18,"column":53},"end":{"line":18,"column":53}}]}}},"contracts/Token2.sol":{"l":{"10":14,"11":14,"12":14,"13":14,"15":14,"19":25},"path":"/home/ealvarez/ethKipu/Solidity_TP4/contracts/Token2.sol","s":{"1":14,"2":14,"3":14,"4":14,"5":14,"6":25},"b":{"1":[25,0]},"f":{"1":14,"2":25},"fnMap":{"1":{"name":"constructor","line":9,"loc":{"start":{"line":9,"column":4},"end":{"line":16,"column":4}}},"2":{"name":"mint","line":18,"loc":{"start":{"line":18,"column":4},"end":{"line":20,"column":4}}}},"statementMap":{"1":{"start":{"line":10,"column":8},"end":{"line":10,"column":38}},"2":{"start":{"line":11,"column":8},"end":{"line":11,"column":49}},"3":{"start":{"line":12,"column":8},"end":{"line":12,"column":81}},"4":{"start":{"line":13,"column":8},"end":{"line":13,"column":81}},"5":{"start":{"line":15,"column":8},"end":{"line":15,"column":98}},"6":{"start":{"line":19,"column":8},"end":{"line":19,"column":24}}},"branchMap":{"1":{"line":18,"type":"if","locations":[{"start":{"line":18,"column":53},"end":{"line":18,"column":53}},{"start":{"line":18,"column":53},"end":{"line":18,"column":53}}]}}}}