{
"contracts/LiquidityToken.sol":{"l":{"14":0,"18":0},"path":"/home/ealvarez/ethKipu/Solidity_TP4/contracts/LiquidityToken.sol","s":{"1":0,"2":0},"b":{"1":[0,0],"2":[0,0]},"f":{"1":0,"2":0,"3":0},"fnMap":{"1":{"name":"constructor","line":10,"loc":{"start":{"line":10,"column":4},"end":{"line":11,"column":4}}},"2":{"name":"mint","line":13,"loc":{"start":{"line":13,"column":4},"end":{"line":15,"column":4}}},"3":{"name":"burnFrom","line":17,"loc":{"start":{"line":17,"column":4},"end":{"line":19,"column":4}}}},"statementMap":{"1":{"start":{"line":14,"column":8},"end":{"line":14,"column":24}},"2":{"start":{"line":18,"column":8},"end":{"line":18,"column":28}}},"branchMap":{"1":{"line":13,"type":"if","locations":[{"start":{"line":13,"column":53},"end":{"line":13,"column":53}},{"start":{"line":13,"column":53},"end":{"line":13,"column":53}}]},"2":{"line":17,"type":"if","locations":[{"start":{"line":17,"column":61},"end":{"line":17,"column":61}},{"start":{"line":17,"column":61},"end":{"line":17,"column":61}}]}}},
"contracts/SimpleSwap.sol":{"l":{"68":2,"91":0,"92":0,"94":0,"95":0,"98":0,"99":0,"100":0,"102":0,"103":0,"104":0,"108":0,"109":0,"112":0,"113":0,"115":0,"116":0,"117":0,"118":0,"119":0,"125":0,"126":0,"129":0,"130":0,"131":0,"132":0,"133":0,"135":0,"136":0,"137":0,"138":0,"139":0,"147":0,"148":0,"149":0,"154":0,"155":0,"156":0,"160":0,"164":0,"165":0,"169":0,"170":0,"172":0,"173":0,"175":0,"179":0,"182":0,"184":0,"186":0,"204":0,"205":0,"208":0,"209":0,"212":0,"213":0,"215":0,"216":0,"221":0,"222":0,"223":0,"224":0,"227":0,"231":0,"233":0,"234":0,"235":0,"239":0,"241":0,"242":0,"243":0,"246":0,"248":0,"262":0,"263":0,"266":0,"267":0,"269":0,"270":0,"273":0,"274":0,"276":0,"278":0,"279":0,"284":0,"285":0,"286":0,"290":0,"292":0,"293":0,"294":0,"297":0,"298":0,"299":0,"301":0,"303":0,"314":0,"315":0,"319":0,"320":0,"334":1,"336":1,"349":0,"350":0,"362":0,"363":0,"377":0,"378":0,"379":0,"389":0,"390":0,"401":0,"410":0,"411":0,"414":0},"path":"/home/ealvarez/ethKipu/Solidity_TP4/contracts/SimpleSwap.sol","s":{"1":0,"2":0,"3":0,"4":0,"5":0,"6":0,"7":0,"8":0,"9":0,"10":0,"11":0,"12":0,"13":0,"14":0,"15":0,"16":0,"17":0,"18":0,"19":0,"20":0,"21":0,"22":0,"23":0,"24":0,"25":0,"26":0,"27":0,"28":0,"29":0,"30":0,"31":0,"32":0,"33":0,"34":0,"35":0,"36":0,"37":0,"38":0,"39":0,"40":0,"41":0,"42":0,"43":0,"44":0,"45":0,"46":0,"47":0,"48":0,"49":0,"50":0,"51":0,"52":0,"53":0,"54":0,"55":0,"56":0,"57":0,"58":0,"59":0,"60":0,"61":0,"62":0,"63":1,"64":0,"65":0,"66":0,"67":0,"68":0,"69":0,"70":0},"b":{"1":[0,0],"2":[0,0],"3":[0,0],"4":[0,0],"5":[0,0],"6":[0,0],"7":[0,0],"8":[0,0],"9":[0,0],"10":[0,0],"11":[0,0],"12":[0,0],"13":[0,0],"14":[0,0],"15":[0,0],"16":[0,0],"17":[0,0],"18":[0,0],"19":[0,0],"20":[0,0],"21":[0,0],"22":[0,0],"23":[0,0],"24":[0,0],"25":[0,0],"26":[0,0],"27":[0,0],"28":[0,0],"29":[0,0],"30":[0,0],"31":[0,0],"32":[0,0]},"f":{"1":2,"2":0,"3":0,"4":0,"5":0,"6":1,"7":0,"8":0,"9":0,"10":0,"11":0,"12":0},"fnMap":{"1":{"name":"constructor","line":67,"loc":{"start":{"line":67,"column":4},"end":{"line":69,"column":4}}},"2":{"name":"addLiquidity","line":87,"loc":{"start":{"line":87,"column":4},"end":{"line":188,"column":4}}},"3":{"name":"removeLiquidity","line":202,"loc":{"start":{"line":202,"column":4},"end":{"line":249,"column":4}}},"4":{"name":"swapExactTokensForTokens","line":260,"loc":{"start":{"line":260,"column":4},"end":{"line":304,"column":4}}},"5":{"name":"getPrice","line":312,"loc":{"start":{"line":312,"column":4},"end":{"line":322,"column":4}}},"6":{"name":"getAmountOut","line":331,"loc":{"start":{"line":331,"column":4},"end":{"line":337,"column":4}}},"7":{"name":"_getEffectiveAmountOut","line":347,"loc":{"start":{"line":347,"column":4},"end":{"line":351,"column":4}}},"8":{"name":"_getEffectiveLiquidOut","line":359,"loc":{"start":{"line":359,"column":4},"end":{"line":364,"column":4}}},"9":{"name":"_getProportionalValue","line":375,"loc":{"start":{"line":375,"column":4},"end":{"line":380,"column":4}}},"10":{"name":"_getEffectivePrice","line":387,"loc":{"start":{"line":387,"column":4},"end":{"line":391,"column":4}}},"11":{"name":"_transferFrom","line":400,"loc":{"start":{"line":400,"column":4},"end":{"line":402,"column":4}}},"12":{"name":"_getKey","line":409,"loc":{"start":{"line":409,"column":4},"end":{"line":416,"column":4}}}},"statementMap":{"1":{"start":{"line":91,"column":8},"end":{"line":91,"column":61}},"2":{"start":{"line":92,"column":8},"end":{"line":92,"column":47}},"3":{"start":{"line":98,"column":8},"end":{"line":98,"column":4118}},"4":{"start":{"line":102,"column":8},"end":{"line":102,"column":4257}},"5":{"start":{"line":112,"column":8},"end":{"line":112,"column":24}},"6":{"start":{"line":115,"column":8},"end":{"line":115,"column":4690}},"7":{"start":{"line":129,"column":12},"end":{"line":129,"column":121}},"8":{"start":{"line":130,"column":12},"end":{"line":130,"column":5711}},"9":{"start":{"line":131,"column":16},"end":{"line":131,"column":76}},"10":{"start":{"line":135,"column":16},"end":{"line":135,"column":122}},"11":{"start":{"line":136,"column":16},"end":{"line":136,"column":60}},"12":{"start":{"line":137,"column":16},"end":{"line":137,"column":76}},"13":{"start":{"line":147,"column":8},"end":{"line":147,"column":91}},"14":{"start":{"line":148,"column":12},"end":{"line":148,"column":6638}},"15":{"start":{"line":149,"column":16},"end":{"line":149,"column":45}},"16":{"start":{"line":154,"column":8},"end":{"line":154,"column":91}},"17":{"start":{"line":155,"column":12},"end":{"line":155,"column":6906}},"18":{"start":{"line":156,"column":16},"end":{"line":156,"column":45}},"19":{"start":{"line":160,"column":8},"end":{"line":160,"column":7046}},"20":{"start":{"line":164,"column":12},"end":{"line":164,"column":68}},"21":{"start":{"line":172,"column":12},"end":{"line":172,"column":7839}},"22":{"start":{"line":179,"column":8},"end":{"line":179,"column":58}},"23":{"start":{"line":182,"column":8},"end":{"line":182,"column":54}},"24":{"start":{"line":184,"column":8},"end":{"line":184,"column":139}},"25":{"start":{"line":186,"column":8},"end":{"line":186,"column":75}},"26":{"start":{"line":204,"column":8},"end":{"line":204,"column":61}},"27":{"start":{"line":205,"column":8},"end":{"line":205,"column":47}},"28":{"start":{"line":212,"column":8},"end":{"line":212,"column":24}},"29":{"start":{"line":215,"column":8},"end":{"line":215,"column":51}},"30":{"start":{"line":216,"column":8},"end":{"line":216,"column":91}},"31":{"start":{"line":222,"column":8},"end":{"line":222,"column":50}},"32":{"start":{"line":224,"column":8},"end":{"line":224,"column":50}},"33":{"start":{"line":227,"column":8},"end":{"line":227,"column":57}},"34":{"start":{"line":231,"column":8},"end":{"line":231,"column":57}},"35":{"start":{"line":233,"column":8},"end":{"line":233,"column":72}},"36":{"start":{"line":234,"column":8},"end":{"line":234,"column":10614}},"37":{"start":{"line":235,"column":12},"end":{"line":235,"column":37}},"38":{"start":{"line":239,"column":8},"end":{"line":239,"column":57}},"39":{"start":{"line":241,"column":8},"end":{"line":241,"column":72}},"40":{"start":{"line":242,"column":8},"end":{"line":242,"column":10870}},"41":{"start":{"line":243,"column":12},"end":{"line":243,"column":37}},"42":{"start":{"line":246,"column":8},"end":{"line":246,"column":78}},"43":{"start":{"line":248,"column":8},"end":{"line":248,"column":33}},"44":{"start":{"line":262,"column":8},"end":{"line":262,"column":61}},"45":{"start":{"line":263,"column":8},"end":{"line":263,"column":49}},"46":{"start":{"line":273,"column":8},"end":{"line":273,"column":24}},"47":{"start":{"line":276,"column":8},"end":{"line":276,"column":51}},"48":{"start":{"line":278,"column":8},"end":{"line":278,"column":99}},"49":{"start":{"line":279,"column":8},"end":{"line":279,"column":55}},"50":{"start":{"line":284,"column":8},"end":{"line":284,"column":92}},"51":{"start":{"line":285,"column":12},"end":{"line":285,"column":12890}},"52":{"start":{"line":286,"column":16},"end":{"line":286,"column":41}},"53":{"start":{"line":290,"column":8},"end":{"line":290,"column":71}},"54":{"start":{"line":292,"column":8},"end":{"line":292,"column":86}},"55":{"start":{"line":293,"column":12},"end":{"line":293,"column":13188}},"56":{"start":{"line":294,"column":16},"end":{"line":294,"column":41}},"57":{"start":{"line":297,"column":8},"end":{"line":297,"column":52}},"58":{"start":{"line":301,"column":8},"end":{"line":301,"column":100}},"59":{"start":{"line":303,"column":8},"end":{"line":303,"column":22}},"60":{"start":{"line":314,"column":8},"end":{"line":314,"column":48}},"61":{"start":{"line":315,"column":8},"end":{"line":315,"column":48}},"62":{"start":{"line":320,"column":8},"end":{"line":320,"column":20}},"63":{"start":{"line":336,"column":8},"end":{"line":336,"column":24}},"64":{"start":{"line":350,"column":8},"end":{"line":350,"column":24}},"65":{"start":{"line":363,"column":8},"end":{"line":363,"column":24}},"66":{"start":{"line":377,"column":8},"end":{"line":377,"column":48}},"67":{"start":{"line":378,"column":8},"end":{"line":378,"column":64}},"68":{"start":{"line":390,"column":8},"end":{"line":390,"column":29}},"69":{"start":{"line":401,"column":7},"end":{"line":401,"column":74}},"70":{"start":{"line":410,"column":8},"end":{"line":410,"column":18918}}},"branchMap":{"1":{"line":91,"type":"if","locations":[{"start":{"line":91,"column":8},"end":{"line":91,"column":8}},{"start":{"line":91,"column":8},"end":{"line":91,"column":8}}]},"2":{"line":92,"type":"if","locations":[{"start":{"line":92,"column":8},"end":{"line":92,"column":8}},{"start":{"line":92,"column":8},"end":{"line":92,"column":8}}]},"3":{"line":98,"type":"if","locations":[{"start":{"line":98,"column":8},"end":{"line":98,"column":8}},{"start":{"line":98,"column":8},"end":{"line":98,"column":8}}]},"4":{"line":102,"type":"if","locations":[{"start":{"line":102,"column":8},"end":{"line":102,"column":8}},{"start":{"line":102,"column":8},"end":{"line":102,"column":8}}]},"5":{"line":115,"type":"if","locations":[{"start":{"line":115,"column":8},"end":{"line":115,"column":8}},{"start":{"line":115,"column":8},"end":{"line":115,"column":8}}]},"6":{"line":130,"type":"if","locations":[{"start":{"line":130,"column":12},"end":{"line":130,"column":12}},{"start":{"line":130,"column":12},"end":{"line":130,"column":12}}]},"7":{"line":131,"type":"if","locations":[{"start":{"line":131,"column":16},"end":{"line":131,"column":16}},{"start":{"line":131,"column":16},"end":{"line":131,"column":16}}]},"8":{"line":137,"type":"if","locations":[{"start":{"line":137,"column":16},"end":{"line":137,"column":16}},{"start":{"line":137,"column":16},"end":{"line":137,"column":16}}]},"9":{"line":148,"type":"if","locations":[{"start":{"line":148,"column":12},"end":{"line":148,"column":12}},{"start":{"line":148,"column":12},"end":{"line":148,"column":12}}]},"10":{"line":155,"type":"if","locations":[{"start":{"line":155,"column":12},"end":{"line":155,"column":12}},{"start":{"line":155,"column":12},"end":{"line":155,"column":12}}]},"11":{"line":160,"type":"if","locations":[{"start":{"line":160,"column":8},"end":{"line":160,"column":8}},{"start":{"line":160,"column":8},"end":{"line":160,"column":8}}]},"12":{"line":172,"type":"if","locations":[{"start":{"line":172,"column":12},"end":{"line":172,"column":12}},{"start":{"line":172,"column":12},"end":{"line":172,"column":12}}]},"13":{"line":179,"type":"if","locations":[{"start":{"line":179,"column":8},"end":{"line":179,"column":8}},{"start":{"line":179,"column":8},"end":{"line":179,"column":8}}]},"14":{"line":204,"type":"if","locations":[{"start":{"line":204,"column":8},"end":{"line":204,"column":8}},{"start":{"line":204,"column":8},"end":{"line":204,"column":8}}]},"15":{"line":205,"type":"if","locations":[{"start":{"line":205,"column":8},"end":{"line":205,"column":8}},{"start":{"line":205,"column":8},"end":{"line":205,"column":8}}]},"16":{"line":215,"type":"if","locations":[{"start":{"line":215,"column":8},"end":{"line":215,"column":8}},{"start":{"line":215,"column":8},"end":{"line":215,"column":8}}]},"17":{"line":216,"type":"if","locations":[{"start":{"line":216,"column":8},"end":{"line":216,"column":8}},{"start":{"line":216,"column":8},"end":{"line":216,"column":8}}]},"18":{"line":222,"type":"if","locations":[{"start":{"line":222,"column":8},"end":{"line":222,"column":8}},{"start":{"line":222,"column":8},"end":{"line":222,"column":8}}]},"19":{"line":224,"type":"if","locations":[{"start":{"line":224,"column":8},"end":{"line":224,"column":8}},{"start":{"line":224,"column":8},"end":{"line":224,"column":8}}]},"20":{"line":234,"type":"if","locations":[{"start":{"line":234,"column":8},"end":{"line":234,"column":8}},{"start":{"line":234,"column":8},"end":{"line":234,"column":8}}]},"21":{"line":242,"type":"if","locations":[{"start":{"line":242,"column":8},"end":{"line":242,"column":8}},{"start":{"line":242,"column":8},"end":{"line":242,"column":8}}]},"22":{"line":262,"type":"if","locations":[{"start":{"line":262,"column":8},"end":{"line":262,"column":8}},{"start":{"line":262,"column":8},"end":{"line":262,"column":8}}]},"23":{"line":263,"type":"if","locations":[{"start":{"line":263,"column":8},"end":{"line":263,"column":8}},{"start":{"line":263,"column":8},"end":{"line":263,"column":8}}]},"24":{"line":276,"type":"if","locations":[{"start":{"line":276,"column":8},"end":{"line":276,"column":8}},{"start":{"line":276,"column":8},"end":{"line":276,"column":8}}]},"25":{"line":279,"type":"if","locations":[{"start":{"line":279,"column":8},"end":{"line":279,"column":8}},{"start":{"line":279,"column":8},"end":{"line":279,"column":8}}]},"26":{"line":285,"type":"if","locations":[{"start":{"line":285,"column":12},"end":{"line":285,"column":12}},{"start":{"line":285,"column":12},"end":{"line":285,"column":12}}]},"27":{"line":293,"type":"if","locations":[{"start":{"line":293,"column":12},"end":{"line":293,"column":12}},{"start":{"line":293,"column":12},"end":{"line":293,"column":12}}]},"28":{"line":314,"type":"if","locations":[{"start":{"line":314,"column":8},"end":{"line":314,"column":8}},{"start":{"line":314,"column":8},"end":{"line":314,"column":8}}]},"29":{"line":315,"type":"if","locations":[{"start":{"line":315,"column":8},"end":{"line":315,"column":8}},{"start":{"line":315,"column":8},"end":{"line":315,"column":8}}]},"30":{"line":377,"type":"if","locations":[{"start":{"line":377,"column":8},"end":{"line":377,"column":8}},{"start":{"line":377,"column":8},"end":{"line":377,"column":8}}]},"31":{"line":378,"type":"if","locations":[{"start":{"line":378,"column":8},"end":{"line":378,"column":8}},{"start":{"line":378,"column":8},"end":{"line":378,"column":8}}]},"32":{"line":410,"type":"if","locations":[{"start":{"line":410,"column":8},"end":{"line":410,"column":8}},{"start":{"line":410,"column":8},"end":{"line":410,"column":8}}]}}},
"contracts/Token1.sol":{"l":{"10":4,"11":4,"12":4,"13":4,"17":1},"path":"/home/ealvarez/ethKipu/Solidity_TP4/contracts/Token1.sol","s":{"1":4,"2":4,"3":4,"4":4,"5":1},"b":{"1":[1,0]},"f":{"1":4,"2":1},"fnMap":{"1":{"name":"constructor","line":9,"loc":{"start":{"line":9,"column":4},"end":{"line":14,"column":4}}},"2":{"name":"mint","line":16,"loc":{"start":{"line":16,"column":4},"end":{"line":18,"column":4}}}},"statementMap":{"1":{"start":{"line":10,"column":8},"end":{"line":10,"column":38}},"2":{"start":{"line":11,"column":8},"end":{"line":11,"column":49}},"3":{"start":{"line":12,"column":8},"end":{"line":12,"column":81}},"4":{"start":{"line":13,"column":8},"end":{"line":13,"column":98}},"5":{"start":{"line":17,"column":8},"end":{"line":17,"column":24}}},"branchMap":{"1":{"line":16,"type":"if","locations":[{"start":{"line":16,"column":53},"end":{"line":16,"column":53}},{"start":{"line":16,"column":53},"end":{"line":16,"column":53}}]}}},
"contracts/Token2.sol":{"l":{"10":4,"11":4,"12":4,"13":4,"17":1},"path":"/home/ealvarez/ethKipu/Solidity_TP4/contracts/Token2.sol","s":{"1":4,"2":4,"3":4,"4":4,"5":1},"b":{"1":[1,0]},"f":{"1":4,"2":1},"fnMap":{"1":{"name":"constructor","line":9,"loc":{"start":{"line":9,"column":4},"end":{"line":14,"column":4}}},"2":{"name":"mint","line":16,"loc":{"start":{"line":16,"column":4},"end":{"line":18,"column":4}}}},"statementMap":{"1":{"start":{"line":10,"column":8},"end":{"line":10,"column":38}},"2":{"start":{"line":11,"column":8},"end":{"line":11,"column":49}},"3":{"start":{"line":12,"column":8},"end":{"line":12,"column":81}},"4":{"start":{"line":13,"column":8},"end":{"line":13,"column":98}},"5":{"start":{"line":17,"column":8},"end":{"line":17,"column":24}}},"branchMap":{"1":{"line":16,"type":"if","locations":[{"start":{"line":16,"column":53},"end":{"line":16,"column":53}},{"start":{"line":16,"column":53},"end":{"line":16,"column":53}}]}}}}
