TN:
SF:/home/ealvarez/ethKipu/Solidity_TP4/contracts/LiquidityToken.sol
FN:10,constructor
FN:13,mint
FN:17,burnFrom
FNF:3
FNH:0
FNDA:0,constructor
FNDA:0,mint
FNDA:0,burnFrom
DA:14,0
DA:18,0
LF:2
LH:0
BRDA:13,1,0,0
BRDA:13,1,1,0
BRDA:17,2,0,0
BRDA:17,2,1,0
BRF:4
BRH:0
end_of_record
TN:
SF:/home/ealvarez/ethKipu/Solidity_TP4/contracts/SimpleSwap.sol
FN:67,constructor
FN:87,addLiquidity
FN:202,removeLiquidity
FN:260,swapExactTokensForTokens
FN:312,getPrice
FN:331,getAmountOut
FN:347,_getEffectiveAmountOut
FN:359,_getEffectiveLiquidOut
FN:375,_getProportionalValue
FN:387,_getEffectivePrice
FN:400,_transferFrom
FN:409,_getKey
FNF:12
FNH:2
FNDA:2,constructor
FNDA:0,addLiquidity
FNDA:0,removeLiquidity
FNDA:0,swapExactTokensForTokens
FNDA:0,getPrice
FNDA:1,getAmountOut
FNDA:0,_getEffectiveAmountOut
FNDA:0,_getEffectiveLiquidOut
FNDA:0,_getProportionalValue
FNDA:0,_getEffectivePrice
FNDA:0,_transferFrom
FNDA:0,_getKey
DA:68,2
DA:91,0
DA:92,0
DA:94,0
DA:95,0
DA:98,0
DA:99,0
DA:100,0
DA:102,0
DA:103,0
DA:104,0
DA:108,0
DA:109,0
DA:112,0
DA:113,0
DA:115,0
DA:116,0
DA:117,0
DA:118,0
DA:119,0
DA:125,0
DA:126,0
DA:129,0
DA:130,0
DA:131,0
DA:132,0
DA:133,0
DA:135,0
DA:136,0
DA:137,0
DA:138,0
DA:139,0
DA:147,0
DA:148,0
DA:149,0
DA:154,0
DA:155,0
DA:156,0
DA:160,0
DA:164,0
DA:165,0
DA:169,0
DA:170,0
DA:172,0
DA:173,0
DA:175,0
DA:179,0
DA:182,0
DA:184,0
DA:186,0
DA:204,0
DA:205,0
DA:208,0
DA:209,0
DA:212,0
DA:213,0
DA:215,0
DA:216,0
DA:221,0
DA:222,0
DA:223,0
DA:224,0
DA:227,0
DA:231,0
DA:233,0
DA:234,0
DA:235,0
DA:239,0
DA:241,0
DA:242,0
DA:243,0
DA:246,0
DA:248,0
DA:262,0
DA:263,0
DA:266,0
DA:267,0
DA:269,0
DA:270,0
DA:273,0
DA:274,0
DA:276,0
DA:278,0
DA:279,0
DA:284,0
DA:285,0
DA:286,0
DA:290,0
DA:292,0
DA:293,0
DA:294,0
DA:297,0
DA:298,0
DA:299,0
DA:301,0
DA:303,0
DA:314,0
DA:315,0
DA:319,0
DA:320,0
DA:334,1
DA:336,1
DA:349,0
DA:350,0
DA:362,0
DA:363,0
DA:377,0
DA:378,0
DA:379,0
DA:389,0
DA:390,0
DA:401,0
DA:410,0
DA:411,0
DA:414,0
LF:115
LH:3
BRDA:91,1,0,0
BRDA:91,1,1,0
BRDA:92,2,0,0
BRDA:92,2,1,0
BRDA:98,3,0,0
BRDA:98,3,1,0
BRDA:102,4,0,0
BRDA:102,4,1,0
BRDA:115,5,0,0
BRDA:115,5,1,0
BRDA:130,6,0,0
BRDA:130,6,1,0
BRDA:131,7,0,0
BRDA:131,7,1,0
BRDA:137,8,0,0
BRDA:137,8,1,0
BRDA:148,9,0,0
BRDA:148,9,1,0
BRDA:155,10,0,0
BRDA:155,10,1,0
BRDA:160,11,0,0
BRDA:160,11,1,0
BRDA:172,12,0,0
BRDA:172,12,1,0
BRDA:179,13,0,0
BRDA:179,13,1,0
BRDA:204,14,0,0
BRDA:204,14,1,0
BRDA:205,15,0,0
BRDA:205,15,1,0
BRDA:215,16,0,0
BRDA:215,16,1,0
BRDA:216,17,0,0
BRDA:216,17,1,0
BRDA:222,18,0,0
BRDA:222,18,1,0
BRDA:224,19,0,0
BRDA:224,19,1,0
BRDA:234,20,0,0
BRDA:234,20,1,0
BRDA:242,21,0,0
BRDA:242,21,1,0
BRDA:262,22,0,0
BRDA:262,22,1,0
BRDA:263,23,0,0
BRDA:263,23,1,0
BRDA:276,24,0,0
BRDA:276,24,1,0
BRDA:279,25,0,0
BRDA:279,25,1,0
BRDA:285,26,0,0
BRDA:285,26,1,0
BRDA:293,27,0,0
BRDA:293,27,1,0
BRDA:314,28,0,0
BRDA:314,28,1,0
BRDA:315,29,0,0
BRDA:315,29,1,0
BRDA:377,30,0,0
BRDA:377,30,1,0
BRDA:378,31,0,0
BRDA:378,31,1,0
BRDA:410,32,0,0
BRDA:410,32,1,0
BRF:64
BRH:0
end_of_record
TN:
SF:/home/ealvarez/ethKipu/Solidity_TP4/contracts/Token1.sol
FN:9,constructor
FN:16,mint
FNF:2
FNH:2
FNDA:4,constructor
FNDA:1,mint
DA:10,4
DA:11,4
DA:12,4
DA:13,4
DA:17,1
LF:5
LH:5
BRDA:16,1,0,1
BRDA:16,1,1,0
BRF:2
BRH:1
end_of_record
TN:
SF:/home/ealvarez/ethKipu/Solidity_TP4/contracts/Token2.sol
FN:9,constructor
FN:16,mint
FNF:2
FNH:2
FNDA:4,constructor
FNDA:1,mint
DA:10,4
DA:11,4
DA:12,4
DA:13,4
DA:17,1
LF:5
LH:5
BRDA:16,1,0,1
BRDA:16,1,1,0
BRF:2
BRH:1
end_of_record
