{
"contracts/SimpleSwap.sol":{"l":{"93":10,"117":10,"118":10,"121":10,"122":10,"123":10,"126":10,"127":8,"129":7,"130":7,"139":2,"140":2,"143":2,"144":2,"147":2,"154":9,"155":9,"156":0,"161":9,"162":9,"163":0,"167":9,"170":7,"171":7,"175":2,"179":8,"180":8,"183":8,"185":8,"204":1,"205":1,"206":1,"207":1,"211":1,"214":1,"215":1,"216":1,"217":1,"220":1,"224":1,"226":1,"227":1,"228":0,"232":1,"234":1,"235":1,"236":0,"240":1,"242":1,"257":2,"258":2,"259":2,"260":2,"263":2,"264":2,"267":2,"268":2,"273":2,"274":1,"275":0,"279":1,"281":1,"282":1,"283":0,"286":1,"287":1,"288":1,"291":1,"293":1,"305":1,"306":1,"309":1,"310":1,"325":1,"327":1,"342":2,"343":2,"357":2,"358":2,"371":2,"372":2,"374":2,"387":3,"388":3,"389":3,"412":2,"414":2,"415":1,"416":1,"418":1,"419":1,"420":1,"421":1},"path":"/home/ealvarez/ethKipu/Solidity_TP4/contracts/SimpleSwap.sol","s":{"1":10,"2":10,"3":10,"4":10,"5":8,"6":2,"7":2,"8":9,"9":0,"10":9,"11":0,"12":9,"13":7,"14":8,"15":8,"16":8,"17":8,"18":1,"19":1,"20":1,"21":1,"22":1,"23":1,"24":1,"25":1,"26":1,"27":1,"28":1,"29":0,"30":1,"31":1,"32":1,"33":0,"34":1,"35":1,"36":2,"37":2,"38":2,"39":2,"40":2,"41":2,"42":2,"43":2,"44":2,"45":1,"46":0,"47":1,"48":1,"49":1,"50":0,"51":1,"52":1,"53":1,"54":1,"55":1,"56":1,"57":1,"58":2,"59":2,"60":2,"61":3,"62":3,"63":2,"64":2,"65":1,"66":1,"67":1,"68":1,"69":1,"70":1},"b":{"1":[10,0],"2":[10,0],"3":[8,2],"4":[7,1],"5":[2,0],"6":[2,0],"7":[0,9],"8":[0,9],"9":[7,2],"10":[8,0],"11":[1,0],"12":[1,0],"13":[1,0],"14":[1,0],"15":[1,0],"16":[1,0],"17":[1,0],"18":[0,1],"19":[0,1],"20":[2,0],"21":[2,0],"22":[2,0],"23":[2,0],"24":[2,0],"25":[0,1],"26":[0,1],"27":[1,0],"28":[1,0],"29":[2,0],"30":[3,0],"31":[3,0],"32":[1,1],"33":[1,0],"34":[1,0]},"f":{"1":10,"2":10,"3":1,"4":2,"5":1,"6":1,"7":2,"8":2,"9":2,"10":3,"11":2},"fnMap":{"1":{"name":"constructor","line":92,"loc":{"start":{"line":92,"column":4},"end":{"line":94,"column":4}}},"2":{"name":"addLiquidity","line":113,"loc":{"start":{"line":113,"column":4},"end":{"line":187,"column":4}}},"3":{"name":"removeLiquidity","line":202,"loc":{"start":{"line":202,"column":4},"end":{"line":243,"column":4}}},"4":{"name":"swapExactTokensForTokens","line":255,"loc":{"start":{"line":255,"column":4},"end":{"line":294,"column":4}}},"5":{"name":"getPrice","line":303,"loc":{"start":{"line":303,"column":4},"end":{"line":312,"column":4}}},"6":{"name":"getAmountOut","line":322,"loc":{"start":{"line":322,"column":4},"end":{"line":328,"column":4}}},"7":{"name":"_getEffectiveAmountOut","line":340,"loc":{"start":{"line":340,"column":4},"end":{"line":344,"column":4}}},"8":{"name":"_getEffectiveLiquidOut","line":354,"loc":{"start":{"line":354,"column":4},"end":{"line":359,"column":4}}},"9":{"name":"_calculateLiquidity","line":369,"loc":{"start":{"line":369,"column":4},"end":{"line":375,"column":4}}},"10":{"name":"_getProportionalValue","line":385,"loc":{"start":{"line":385,"column":4},"end":{"line":390,"column":4}}},"11":{"name":"_calculateOptimalAmounts","line":404,"loc":{"start":{"line":404,"column":4},"end":{"line":423,"column":4}}}},"statementMap":{"1":{"start":{"line":117,"column":8},"end":{"line":117,"column":61}},"2":{"start":{"line":118,"column":8},"end":{"line":118,"column":47}},"3":{"start":{"line":121,"column":8},"end":{"line":121,"column":36}},"4":{"start":{"line":126,"column":8},"end":{"line":126,"column":5097}},"5":{"start":{"line":127,"column":12},"end":{"line":127,"column":58}},"6":{"start":{"line":139,"column":12},"end":{"line":139,"column":56}},"7":{"start":{"line":140,"column":12},"end":{"line":140,"column":56}},"8":{"start":{"line":155,"column":12},"end":{"line":155,"column":6447}},"9":{"start":{"line":156,"column":16},"end":{"line":156,"column":41}},"10":{"start":{"line":162,"column":12},"end":{"line":162,"column":6722}},"11":{"start":{"line":163,"column":16},"end":{"line":163,"column":41}},"12":{"start":{"line":167,"column":8},"end":{"line":167,"column":6869}},"13":{"start":{"line":170,"column":12},"end":{"line":170,"column":50}},"14":{"start":{"line":179,"column":8},"end":{"line":179,"column":52}},"15":{"start":{"line":180,"column":8},"end":{"line":180,"column":36}},"16":{"start":{"line":183,"column":8},"end":{"line":183,"column":95}},"17":{"start":{"line":185,"column":8},"end":{"line":185,"column":53}},"18":{"start":{"line":204,"column":8},"end":{"line":204,"column":61}},"19":{"start":{"line":205,"column":8},"end":{"line":205,"column":50}},"20":{"start":{"line":206,"column":8},"end":{"line":206,"column":52}},"21":{"start":{"line":207,"column":8},"end":{"line":207,"column":52}},"22":{"start":{"line":211,"column":8},"end":{"line":211,"column":66}},"23":{"start":{"line":215,"column":8},"end":{"line":215,"column":50}},"24":{"start":{"line":217,"column":8},"end":{"line":217,"column":50}},"25":{"start":{"line":220,"column":8},"end":{"line":220,"column":35}},"26":{"start":{"line":224,"column":8},"end":{"line":224,"column":52}},"27":{"start":{"line":226,"column":8},"end":{"line":226,"column":77}},"28":{"start":{"line":227,"column":8},"end":{"line":227,"column":9667}},"29":{"start":{"line":228,"column":12},"end":{"line":228,"column":36}},"30":{"start":{"line":232,"column":8},"end":{"line":232,"column":52}},"31":{"start":{"line":234,"column":8},"end":{"line":234,"column":77}},"32":{"start":{"line":235,"column":8},"end":{"line":235,"column":9922}},"33":{"start":{"line":236,"column":12},"end":{"line":236,"column":36}},"34":{"start":{"line":240,"column":8},"end":{"line":240,"column":78}},"35":{"start":{"line":242,"column":8},"end":{"line":242,"column":33}},"36":{"start":{"line":257,"column":8},"end":{"line":257,"column":61}},"37":{"start":{"line":258,"column":8},"end":{"line":258,"column":49}},"38":{"start":{"line":259,"column":8},"end":{"line":259,"column":53}},"39":{"start":{"line":260,"column":8},"end":{"line":260,"column":53}},"40":{"start":{"line":263,"column":8},"end":{"line":263,"column":31}},"41":{"start":{"line":264,"column":8},"end":{"line":264,"column":32}},"42":{"start":{"line":267,"column":8},"end":{"line":267,"column":77}},"43":{"start":{"line":268,"column":8},"end":{"line":268,"column":55}},"44":{"start":{"line":273,"column":8},"end":{"line":273,"column":86}},"45":{"start":{"line":274,"column":12},"end":{"line":274,"column":11727}},"46":{"start":{"line":275,"column":16},"end":{"line":275,"column":40}},"47":{"start":{"line":279,"column":8},"end":{"line":279,"column":55}},"48":{"start":{"line":281,"column":8},"end":{"line":281,"column":80}},"49":{"start":{"line":282,"column":12},"end":{"line":282,"column":12002}},"50":{"start":{"line":283,"column":16},"end":{"line":283,"column":40}},"51":{"start":{"line":286,"column":8},"end":{"line":286,"column":52}},"52":{"start":{"line":291,"column":8},"end":{"line":291,"column":79}},"53":{"start":{"line":293,"column":8},"end":{"line":293,"column":23}},"54":{"start":{"line":305,"column":8},"end":{"line":305,"column":49}},"55":{"start":{"line":306,"column":8},"end":{"line":306,"column":49}},"56":{"start":{"line":310,"column":8},"end":{"line":310,"column":20}},"57":{"start":{"line":327,"column":8},"end":{"line":327,"column":24}},"58":{"start":{"line":343,"column":8},"end":{"line":343,"column":24}},"59":{"start":{"line":358,"column":8},"end":{"line":358,"column":24}},"60":{"start":{"line":374,"column":8},"end":{"line":374,"column":93}},"61":{"start":{"line":387,"column":8},"end":{"line":387,"column":47}},"62":{"start":{"line":388,"column":8},"end":{"line":388,"column":58}},"63":{"start":{"line":412,"column":8},"end":{"line":412,"column":92}},"64":{"start":{"line":414,"column":8},"end":{"line":414,"column":17889}},"65":{"start":{"line":415,"column":12},"end":{"line":415,"column":71}},"66":{"start":{"line":416,"column":12},"end":{"line":416,"column":56}},"67":{"start":{"line":418,"column":12},"end":{"line":418,"column":99}},"68":{"start":{"line":419,"column":12},"end":{"line":419,"column":56}},"69":{"start":{"line":420,"column":12},"end":{"line":420,"column":71}},"70":{"start":{"line":421,"column":12},"end":{"line":421,"column":56}}},"branchMap":{"1":{"line":117,"type":"if","locations":[{"start":{"line":117,"column":8},"end":{"line":117,"column":8}},{"start":{"line":117,"column":8},"end":{"line":117,"column":8}}]},"2":{"line":118,"type":"if","locations":[{"start":{"line":118,"column":8},"end":{"line":118,"column":8}},{"start":{"line":118,"column":8},"end":{"line":118,"column":8}}]},"3":{"line":126,"type":"if","locations":[{"start":{"line":126,"column":8},"end":{"line":126,"column":8}},{"start":{"line":126,"column":8},"end":{"line":126,"column":8}}]},"4":{"line":127,"type":"if","locations":[{"start":{"line":127,"column":12},"end":{"line":127,"column":12}},{"start":{"line":127,"column":12},"end":{"line":127,"column":12}}]},"5":{"line":139,"type":"if","locations":[{"start":{"line":139,"column":12},"end":{"line":139,"column":12}},{"start":{"line":139,"column":12},"end":{"line":139,"column":12}}]},"6":{"line":140,"type":"if","locations":[{"start":{"line":140,"column":12},"end":{"line":140,"column":12}},{"start":{"line":140,"column":12},"end":{"line":140,"column":12}}]},"7":{"line":155,"type":"if","locations":[{"start":{"line":155,"column":12},"end":{"line":155,"column":12}},{"start":{"line":155,"column":12},"end":{"line":155,"column":12}}]},"8":{"line":162,"type":"if","locations":[{"start":{"line":162,"column":12},"end":{"line":162,"column":12}},{"start":{"line":162,"column":12},"end":{"line":162,"column":12}}]},"9":{"line":167,"type":"if","locations":[{"start":{"line":167,"column":8},"end":{"line":167,"column":8}},{"start":{"line":167,"column":8},"end":{"line":167,"column":8}}]},"10":{"line":179,"type":"if","locations":[{"start":{"line":179,"column":8},"end":{"line":179,"column":8}},{"start":{"line":179,"column":8},"end":{"line":179,"column":8}}]},"11":{"line":204,"type":"if","locations":[{"start":{"line":204,"column":8},"end":{"line":204,"column":8}},{"start":{"line":204,"column":8},"end":{"line":204,"column":8}}]},"12":{"line":205,"type":"if","locations":[{"start":{"line":205,"column":8},"end":{"line":205,"column":8}},{"start":{"line":205,"column":8},"end":{"line":205,"column":8}}]},"13":{"line":206,"type":"if","locations":[{"start":{"line":206,"column":8},"end":{"line":206,"column":8}},{"start":{"line":206,"column":8},"end":{"line":206,"column":8}}]},"14":{"line":207,"type":"if","locations":[{"start":{"line":207,"column":8},"end":{"line":207,"column":8}},{"start":{"line":207,"column":8},"end":{"line":207,"column":8}}]},"15":{"line":211,"type":"if","locations":[{"start":{"line":211,"column":8},"end":{"line":211,"column":8}},{"start":{"line":211,"column":8},"end":{"line":211,"column":8}}]},"16":{"line":215,"type":"if","locations":[{"start":{"line":215,"column":8},"end":{"line":215,"column":8}},{"start":{"line":215,"column":8},"end":{"line":215,"column":8}}]},"17":{"line":217,"type":"if","locations":[{"start":{"line":217,"column":8},"end":{"line":217,"column":8}},{"start":{"line":217,"column":8},"end":{"line":217,"column":8}}]},"18":{"line":227,"type":"if","locations":[{"start":{"line":227,"column":8},"end":{"line":227,"column":8}},{"start":{"line":227,"column":8},"end":{"line":227,"column":8}}]},"19":{"line":235,"type":"if","locations":[{"start":{"line":235,"column":8},"end":{"line":235,"column":8}},{"start":{"line":235,"column":8},"end":{"line":235,"column":8}}]},"20":{"line":257,"type":"if","locations":[{"start":{"line":257,"column":8},"end":{"line":257,"column":8}},{"start":{"line":257,"column":8},"end":{"line":257,"column":8}}]},"21":{"line":258,"type":"if","locations":[{"start":{"line":258,"column":8},"end":{"line":258,"column":8}},{"start":{"line":258,"column":8},"end":{"line":258,"column":8}}]},"22":{"line":259,"type":"if","locations":[{"start":{"line":259,"column":8},"end":{"line":259,"column":8}},{"start":{"line":259,"column":8},"end":{"line":259,"column":8}}]},"23":{"line":260,"type":"if","locations":[{"start":{"line":260,"column":8},"end":{"line":260,"column":8}},{"start":{"line":260,"column":8},"end":{"line":260,"column":8}}]},"24":{"line":268,"type":"if","locations":[{"start":{"line":268,"column":8},"end":{"line":268,"column":8}},{"start":{"line":268,"column":8},"end":{"line":268,"column":8}}]},"25":{"line":274,"type":"if","locations":[{"start":{"line":274,"column":12},"end":{"line":274,"column":12}},{"start":{"line":274,"column":12},"end":{"line":274,"column":12}}]},"26":{"line":282,"type":"if","locations":[{"start":{"line":282,"column":12},"end":{"line":282,"column":12}},{"start":{"line":282,"column":12},"end":{"line":282,"column":12}}]},"27":{"line":305,"type":"if","locations":[{"start":{"line":305,"column":8},"end":{"line":305,"column":8}},{"start":{"line":305,"column":8},"end":{"line":305,"column":8}}]},"28":{"line":306,"type":"if","locations":[{"start":{"line":306,"column":8},"end":{"line":306,"column":8}},{"start":{"line":306,"column":8},"end":{"line":306,"column":8}}]},"29":{"line":374,"type":"if","locations":[{"start":{"line":374,"column":56},"end":{"line":374,"column":72}},{"start":{"line":374,"column":76},"end":{"line":374,"column":92}}]},"30":{"line":387,"type":"if","locations":[{"start":{"line":387,"column":8},"end":{"line":387,"column":8}},{"start":{"line":387,"column":8},"end":{"line":387,"column":8}}]},"31":{"line":388,"type":"if","locations":[{"start":{"line":388,"column":8},"end":{"line":388,"column":8}},{"start":{"line":388,"column":8},"end":{"line":388,"column":8}}]},"32":{"line":414,"type":"if","locations":[{"start":{"line":414,"column":8},"end":{"line":414,"column":8}},{"start":{"line":414,"column":8},"end":{"line":414,"column":8}}]},"33":{"line":415,"type":"if","locations":[{"start":{"line":415,"column":12},"end":{"line":415,"column":12}},{"start":{"line":415,"column":12},"end":{"line":415,"column":12}}]},"34":{"line":420,"type":"if","locations":[{"start":{"line":420,"column":12},"end":{"line":420,"column":12}},{"start":{"line":420,"column":12},"end":{"line":420,"column":12}}]}}},
"contracts/Token1.sol":{"l":{"22":14,"23":14,"24":14,"25":14,"27":14,"37":25},"path":"/home/ealvarez/ethKipu/Solidity_TP4/contracts/Token1.sol","s":{"1":14,"2":14,"3":14,"4":14,"5":14,"6":25},"b":{"1":[25,0]},"f":{"1":14,"2":25},"fnMap":{"1":{"name":"constructor","line":21,"loc":{"start":{"line":21,"column":4},"end":{"line":28,"column":4}}},"2":{"name":"mint","line":36,"loc":{"start":{"line":36,"column":4},"end":{"line":38,"column":4}}}},"statementMap":{"1":{"start":{"line":22,"column":8},"end":{"line":22,"column":38}},"2":{"start":{"line":23,"column":8},"end":{"line":23,"column":49}},"3":{"start":{"line":24,"column":8},"end":{"line":24,"column":81}},"4":{"start":{"line":25,"column":8},"end":{"line":25,"column":81}},"5":{"start":{"line":27,"column":8},"end":{"line":27,"column":98}},"6":{"start":{"line":37,"column":8},"end":{"line":37,"column":24}}},"branchMap":{"1":{"line":36,"type":"if","locations":[{"start":{"line":36,"column":53},"end":{"line":36,"column":53}},{"start":{"line":36,"column":53},"end":{"line":36,"column":53}}]}}},
"contracts/Token2.sol":{"l":{"22":14,"23":14,"24":14,"25":14,"27":14,"37":25},"path":"/home/ealvarez/ethKipu/Solidity_TP4/contracts/Token2.sol","s":{"1":14,"2":14,"3":14,"4":14,"5":14,"6":25},"b":{"1":[25,0]},"f":{"1":14,"2":25},"fnMap":{"1":{"name":"constructor","line":21,"loc":{"start":{"line":21,"column":4},"end":{"line":28,"column":4}}},"2":{"name":"mint","line":36,"loc":{"start":{"line":36,"column":4},"end":{"line":38,"column":4}}}},"statementMap":{"1":{"start":{"line":22,"column":8},"end":{"line":22,"column":38}},"2":{"start":{"line":23,"column":8},"end":{"line":23,"column":49}},"3":{"start":{"line":24,"column":8},"end":{"line":24,"column":81}},"4":{"start":{"line":25,"column":8},"end":{"line":25,"column":81}},"5":{"start":{"line":27,"column":8},"end":{"line":27,"column":98}},"6":{"start":{"line":37,"column":8},"end":{"line":37,"column":24}}},"branchMap":{"1":{"line":36,"type":"if","locations":[{"start":{"line":36,"column":53},"end":{"line":36,"column":53}},{"start":{"line":36,"column":53},"end":{"line":36,"column":53}}]}}}}
