{
"contracts/LiquidityToken.sol":{"l":{"14":11,"18":1},"path":"/home/ealvarez/ethKipu/Solidity_TP4/contracts/LiquidityToken.sol","s":{"1":11,"2":1},"b":{"1":[11,0],"2":[1,0]},"f":{"1":5,"2":11,"3":1},"fnMap":{"1":{"name":"constructor","line":10,"loc":{"start":{"line":10,"column":4},"end":{"line":11,"column":4}}},"2":{"name":"mint","line":13,"loc":{"start":{"line":13,"column":4},"end":{"line":15,"column":4}}},"3":{"name":"burnFrom","line":17,"loc":{"start":{"line":17,"column":4},"end":{"line":19,"column":4}}}},"statementMap":{"1":{"start":{"line":14,"column":8},"end":{"line":14,"column":24}},"2":{"start":{"line":18,"column":8},"end":{"line":18,"column":28}}},"branchMap":{"1":{"line":13,"type":"if","locations":[{"start":{"line":13,"column":53},"end":{"line":13,"column":53}},{"start":{"line":13,"column":53},"end":{"line":13,"column":53}}]},"2":{"line":17,"type":"if","locations":[{"start":{"line":17,"column":61},"end":{"line":17,"column":61}},{"start":{"line":17,"column":61},"end":{"line":17,"column":61}}]}}},
"contracts/SimpleSwap.sol":{"l":{"97":9,"120":8,"121":8,"124":8,"125":8,"126":8,"129":8,"130":6,"132":5,"133":5,"134":5,"135":5,"136":5,"144":5,"145":5,"146":5,"147":5,"148":5,"149":5,"155":2,"156":2,"157":2,"158":2,"159":2,"161":2,"162":2,"165":2,"166":2,"169":2,"170":2,"171":1,"172":1,"173":1,"175":1,"176":1,"177":1,"178":1,"179":1,"187":7,"188":7,"189":0,"194":7,"195":7,"196":0,"200":7,"204":5,"205":5,"209":2,"210":2,"212":2,"213":2,"215":0,"220":6,"221":6,"225":6,"226":6,"227":6,"230":6,"232":6,"250":1,"251":1,"252":1,"256":1,"257":1,"258":1,"259":1,"260":1,"261":1,"263":1,"264":1,"267":1,"271":1,"272":1,"273":1,"274":1,"277":1,"281":1,"283":1,"284":1,"285":0,"289":1,"291":1,"292":1,"293":0,"297":1,"298":1,"299":1,"302":1,"304":1,"318":1,"319":1,"322":1,"323":1,"324":1,"325":1,"326":1,"327":1,"329":1,"330":1,"332":1,"333":1,"336":1,"337":1,"342":1,"343":1,"344":0,"348":1,"350":1,"351":1,"352":0,"355":1,"356":1,"357":1,"360":1,"361":1,"362":1,"365":1,"367":1,"380":0,"381":0,"382":0,"383":0,"384":0,"386":0,"387":0,"391":0,"392":0,"406":2,"408":2,"421":1,"422":1,"434":2,"435":2,"449":3,"450":3,"451":3,"461":0,"462":0,"473":18},"path":"/home/ealvarez/ethKipu/Solidity_TP4/contracts/SimpleSwap.sol","s":{"1":8,"2":8,"3":8,"4":8,"5":6,"6":2,"7":2,"8":2,"9":2,"10":1,"11":1,"12":1,"13":1,"14":7,"15":7,"16":0,"17":7,"18":7,"19":0,"20":7,"21":5,"22":2,"23":6,"24":6,"25":6,"26":6,"27":1,"28":1,"29":1,"30":1,"31":1,"32":1,"33":1,"34":1,"35":1,"36":1,"37":1,"38":1,"39":1,"40":0,"41":1,"42":1,"43":1,"44":0,"45":1,"46":1,"47":1,"48":1,"49":1,"50":1,"51":1,"52":1,"53":1,"54":1,"55":1,"56":1,"57":1,"58":0,"59":1,"60":1,"61":1,"62":0,"63":1,"64":1,"65":1,"66":0,"67":0,"68":0,"69":0,"70":2,"71":1,"72":2,"73":3,"74":3,"75":0,"76":18},"b":{"1":[8,0],"2":[8,0],"3":[6,2],"4":[5,1],"5":[2,0],"6":[2,0],"7":[1,1],"8":[1,0],"9":[1,0],"10":[0,7],"11":[0,7],"12":[5,2],"13":[2,0],"14":[6,0],"15":[1,0],"16":[1,0],"17":[1,0],"18":[1,0],"19":[1,0],"20":[1,0],"21":[1,0],"22":[1,0],"23":[0,1],"24":[0,1],"25":[1,0],"26":[1,0],"27":[1,0],"28":[1,0],"29":[1,0],"30":[0,1],"31":[0,1],"32":[0,0],"33":[0,0],"34":[3,0],"35":[3,0]},"f":{"1":9,"2":8,"3":1,"4":1,"5":0,"6":2,"7":1,"8":2,"9":3,"10":0,"11":18},"fnMap":{"1":{"name":"constructor","line":96,"loc":{"start":{"line":96,"column":4},"end":{"line":98,"column":4}}},"2":{"name":"addLiquidity","line":116,"loc":{"start":{"line":116,"column":4},"end":{"line":234,"column":4}}},"3":{"name":"removeLiquidity","line":248,"loc":{"start":{"line":248,"column":4},"end":{"line":305,"column":4}}},"4":{"name":"swapExactTokensForTokens","line":316,"loc":{"start":{"line":316,"column":4},"end":{"line":368,"column":4}}},"5":{"name":"getPrice","line":376,"loc":{"start":{"line":376,"column":4},"end":{"line":394,"column":4}}},"6":{"name":"getAmountOut","line":403,"loc":{"start":{"line":403,"column":4},"end":{"line":409,"column":4}}},"7":{"name":"_getEffectiveAmountOut","line":419,"loc":{"start":{"line":419,"column":4},"end":{"line":423,"column":4}}},"8":{"name":"_getEffectiveLiquidOut","line":431,"loc":{"start":{"line":431,"column":4},"end":{"line":436,"column":4}}},"9":{"name":"_getProportionalValue","line":447,"loc":{"start":{"line":447,"column":4},"end":{"line":452,"column":4}}},"10":{"name":"_getEffectivePrice","line":459,"loc":{"start":{"line":459,"column":4},"end":{"line":463,"column":4}}},"11":{"name":"_transferFrom","line":472,"loc":{"start":{"line":472,"column":4},"end":{"line":474,"column":4}}}},"statementMap":{"1":{"start":{"line":120,"column":8},"end":{"line":120,"column":61}},"2":{"start":{"line":121,"column":8},"end":{"line":121,"column":47}},"3":{"start":{"line":124,"column":8},"end":{"line":124,"column":36}},"4":{"start":{"line":129,"column":8},"end":{"line":129,"column":5437}},"5":{"start":{"line":130,"column":12},"end":{"line":130,"column":63}},"6":{"start":{"line":161,"column":12},"end":{"line":161,"column":70}},"7":{"start":{"line":162,"column":12},"end":{"line":162,"column":70}},"8":{"start":{"line":169,"column":12},"end":{"line":169,"column":121}},"9":{"start":{"line":170,"column":12},"end":{"line":170,"column":7447}},"10":{"start":{"line":171,"column":16},"end":{"line":171,"column":76}},"11":{"start":{"line":175,"column":16},"end":{"line":175,"column":122}},"12":{"start":{"line":176,"column":16},"end":{"line":176,"column":60}},"13":{"start":{"line":177,"column":16},"end":{"line":177,"column":76}},"14":{"start":{"line":187,"column":8},"end":{"line":187,"column":102}},"15":{"start":{"line":188,"column":12},"end":{"line":188,"column":8393}},"16":{"start":{"line":189,"column":16},"end":{"line":189,"column":45}},"17":{"start":{"line":194,"column":8},"end":{"line":194,"column":102}},"18":{"start":{"line":195,"column":12},"end":{"line":195,"column":8672}},"19":{"start":{"line":196,"column":16},"end":{"line":196,"column":45}},"20":{"start":{"line":200,"column":8},"end":{"line":200,"column":8812}},"21":{"start":{"line":204,"column":12},"end":{"line":204,"column":75}},"22":{"start":{"line":212,"column":12},"end":{"line":212,"column":9633}},"23":{"start":{"line":220,"column":8},"end":{"line":220,"column":58}},"24":{"start":{"line":221,"column":8},"end":{"line":221,"column":61}},"25":{"start":{"line":230,"column":8},"end":{"line":230,"column":147}},"26":{"start":{"line":232,"column":8},"end":{"line":232,"column":75}},"27":{"start":{"line":250,"column":8},"end":{"line":250,"column":58}},"28":{"start":{"line":251,"column":8},"end":{"line":251,"column":61}},"29":{"start":{"line":252,"column":8},"end":{"line":252,"column":47}},"30":{"start":{"line":256,"column":8},"end":{"line":256,"column":36}},"31":{"start":{"line":263,"column":8},"end":{"line":263,"column":66}},"32":{"start":{"line":264,"column":8},"end":{"line":264,"column":66}},"33":{"start":{"line":267,"column":8},"end":{"line":267,"column":98}},"34":{"start":{"line":272,"column":8},"end":{"line":272,"column":50}},"35":{"start":{"line":274,"column":8},"end":{"line":274,"column":50}},"36":{"start":{"line":277,"column":8},"end":{"line":277,"column":64}},"37":{"start":{"line":281,"column":8},"end":{"line":281,"column":56}},"38":{"start":{"line":283,"column":8},"end":{"line":283,"column":83}},"39":{"start":{"line":284,"column":8},"end":{"line":284,"column":12969}},"40":{"start":{"line":285,"column":12},"end":{"line":285,"column":37}},"41":{"start":{"line":289,"column":8},"end":{"line":289,"column":56}},"42":{"start":{"line":291,"column":8},"end":{"line":291,"column":83}},"43":{"start":{"line":292,"column":8},"end":{"line":292,"column":13235}},"44":{"start":{"line":293,"column":12},"end":{"line":293,"column":37}},"45":{"start":{"line":302,"column":8},"end":{"line":302,"column":78}},"46":{"start":{"line":304,"column":8},"end":{"line":304,"column":33}},"47":{"start":{"line":318,"column":8},"end":{"line":318,"column":61}},"48":{"start":{"line":319,"column":8},"end":{"line":319,"column":49}},"49":{"start":{"line":322,"column":8},"end":{"line":322,"column":36}},"50":{"start":{"line":329,"column":8},"end":{"line":329,"column":31}},"51":{"start":{"line":330,"column":8},"end":{"line":330,"column":32}},"52":{"start":{"line":332,"column":8},"end":{"line":332,"column":66}},"53":{"start":{"line":333,"column":8},"end":{"line":333,"column":66}},"54":{"start":{"line":336,"column":8},"end":{"line":336,"column":99}},"55":{"start":{"line":337,"column":8},"end":{"line":337,"column":55}},"56":{"start":{"line":342,"column":8},"end":{"line":342,"column":92}},"57":{"start":{"line":343,"column":12},"end":{"line":343,"column":15494}},"58":{"start":{"line":344,"column":16},"end":{"line":344,"column":41}},"59":{"start":{"line":348,"column":8},"end":{"line":348,"column":59}},"60":{"start":{"line":350,"column":8},"end":{"line":350,"column":86}},"61":{"start":{"line":351,"column":12},"end":{"line":351,"column":15780}},"62":{"start":{"line":352,"column":16},"end":{"line":352,"column":41}},"63":{"start":{"line":355,"column":8},"end":{"line":355,"column":52}},"64":{"start":{"line":365,"column":8},"end":{"line":365,"column":109}},"65":{"start":{"line":367,"column":8},"end":{"line":367,"column":23}},"66":{"start":{"line":380,"column":8},"end":{"line":380,"column":36}},"67":{"start":{"line":386,"column":8},"end":{"line":386,"column":66}},"68":{"start":{"line":387,"column":8},"end":{"line":387,"column":66}},"69":{"start":{"line":392,"column":8},"end":{"line":392,"column":20}},"70":{"start":{"line":408,"column":8},"end":{"line":408,"column":24}},"71":{"start":{"line":422,"column":8},"end":{"line":422,"column":24}},"72":{"start":{"line":435,"column":8},"end":{"line":435,"column":24}},"73":{"start":{"line":449,"column":8},"end":{"line":449,"column":48}},"74":{"start":{"line":450,"column":8},"end":{"line":450,"column":64}},"75":{"start":{"line":462,"column":8},"end":{"line":462,"column":29}},"76":{"start":{"line":473,"column":7},"end":{"line":473,"column":63}}},"branchMap":{"1":{"line":120,"type":"if","locations":[{"start":{"line":120,"column":8},"end":{"line":120,"column":8}},{"start":{"line":120,"column":8},"end":{"line":120,"column":8}}]},"2":{"line":121,"type":"if","locations":[{"start":{"line":121,"column":8},"end":{"line":121,"column":8}},{"start":{"line":121,"column":8},"end":{"line":121,"column":8}}]},"3":{"line":129,"type":"if","locations":[{"start":{"line":129,"column":8},"end":{"line":129,"column":8}},{"start":{"line":129,"column":8},"end":{"line":129,"column":8}}]},"4":{"line":130,"type":"if","locations":[{"start":{"line":130,"column":12},"end":{"line":130,"column":12}},{"start":{"line":130,"column":12},"end":{"line":130,"column":12}}]},"5":{"line":161,"type":"if","locations":[{"start":{"line":161,"column":12},"end":{"line":161,"column":12}},{"start":{"line":161,"column":12},"end":{"line":161,"column":12}}]},"6":{"line":162,"type":"if","locations":[{"start":{"line":162,"column":12},"end":{"line":162,"column":12}},{"start":{"line":162,"column":12},"end":{"line":162,"column":12}}]},"7":{"line":170,"type":"if","locations":[{"start":{"line":170,"column":12},"end":{"line":170,"column":12}},{"start":{"line":170,"column":12},"end":{"line":170,"column":12}}]},"8":{"line":171,"type":"if","locations":[{"start":{"line":171,"column":16},"end":{"line":171,"column":16}},{"start":{"line":171,"column":16},"end":{"line":171,"column":16}}]},"9":{"line":177,"type":"if","locations":[{"start":{"line":177,"column":16},"end":{"line":177,"column":16}},{"start":{"line":177,"column":16},"end":{"line":177,"column":16}}]},"10":{"line":188,"type":"if","locations":[{"start":{"line":188,"column":12},"end":{"line":188,"column":12}},{"start":{"line":188,"column":12},"end":{"line":188,"column":12}}]},"11":{"line":195,"type":"if","locations":[{"start":{"line":195,"column":12},"end":{"line":195,"column":12}},{"start":{"line":195,"column":12},"end":{"line":195,"column":12}}]},"12":{"line":200,"type":"if","locations":[{"start":{"line":200,"column":8},"end":{"line":200,"column":8}},{"start":{"line":200,"column":8},"end":{"line":200,"column":8}}]},"13":{"line":212,"type":"if","locations":[{"start":{"line":212,"column":12},"end":{"line":212,"column":12}},{"start":{"line":212,"column":12},"end":{"line":212,"column":12}}]},"14":{"line":220,"type":"if","locations":[{"start":{"line":220,"column":8},"end":{"line":220,"column":8}},{"start":{"line":220,"column":8},"end":{"line":220,"column":8}}]},"15":{"line":250,"type":"if","locations":[{"start":{"line":250,"column":8},"end":{"line":250,"column":8}},{"start":{"line":250,"column":8},"end":{"line":250,"column":8}}]},"16":{"line":251,"type":"if","locations":[{"start":{"line":251,"column":8},"end":{"line":251,"column":8}},{"start":{"line":251,"column":8},"end":{"line":251,"column":8}}]},"17":{"line":252,"type":"if","locations":[{"start":{"line":252,"column":8},"end":{"line":252,"column":8}},{"start":{"line":252,"column":8},"end":{"line":252,"column":8}}]},"18":{"line":263,"type":"if","locations":[{"start":{"line":263,"column":8},"end":{"line":263,"column":8}},{"start":{"line":263,"column":8},"end":{"line":263,"column":8}}]},"19":{"line":264,"type":"if","locations":[{"start":{"line":264,"column":8},"end":{"line":264,"column":8}},{"start":{"line":264,"column":8},"end":{"line":264,"column":8}}]},"20":{"line":267,"type":"if","locations":[{"start":{"line":267,"column":8},"end":{"line":267,"column":8}},{"start":{"line":267,"column":8},"end":{"line":267,"column":8}}]},"21":{"line":272,"type":"if","locations":[{"start":{"line":272,"column":8},"end":{"line":272,"column":8}},{"start":{"line":272,"column":8},"end":{"line":272,"column":8}}]},"22":{"line":274,"type":"if","locations":[{"start":{"line":274,"column":8},"end":{"line":274,"column":8}},{"start":{"line":274,"column":8},"end":{"line":274,"column":8}}]},"23":{"line":284,"type":"if","locations":[{"start":{"line":284,"column":8},"end":{"line":284,"column":8}},{"start":{"line":284,"column":8},"end":{"line":284,"column":8}}]},"24":{"line":292,"type":"if","locations":[{"start":{"line":292,"column":8},"end":{"line":292,"column":8}},{"start":{"line":292,"column":8},"end":{"line":292,"column":8}}]},"25":{"line":318,"type":"if","locations":[{"start":{"line":318,"column":8},"end":{"line":318,"column":8}},{"start":{"line":318,"column":8},"end":{"line":318,"column":8}}]},"26":{"line":319,"type":"if","locations":[{"start":{"line":319,"column":8},"end":{"line":319,"column":8}},{"start":{"line":319,"column":8},"end":{"line":319,"column":8}}]},"27":{"line":332,"type":"if","locations":[{"start":{"line":332,"column":8},"end":{"line":332,"column":8}},{"start":{"line":332,"column":8},"end":{"line":332,"column":8}}]},"28":{"line":333,"type":"if","locations":[{"start":{"line":333,"column":8},"end":{"line":333,"column":8}},{"start":{"line":333,"column":8},"end":{"line":333,"column":8}}]},"29":{"line":337,"type":"if","locations":[{"start":{"line":337,"column":8},"end":{"line":337,"column":8}},{"start":{"line":337,"column":8},"end":{"line":337,"column":8}}]},"30":{"line":343,"type":"if","locations":[{"start":{"line":343,"column":12},"end":{"line":343,"column":12}},{"start":{"line":343,"column":12},"end":{"line":343,"column":12}}]},"31":{"line":351,"type":"if","locations":[{"start":{"line":351,"column":12},"end":{"line":351,"column":12}},{"start":{"line":351,"column":12},"end":{"line":351,"column":12}}]},"32":{"line":386,"type":"if","locations":[{"start":{"line":386,"column":8},"end":{"line":386,"column":8}},{"start":{"line":386,"column":8},"end":{"line":386,"column":8}}]},"33":{"line":387,"type":"if","locations":[{"start":{"line":387,"column":8},"end":{"line":387,"column":8}},{"start":{"line":387,"column":8},"end":{"line":387,"column":8}}]},"34":{"line":449,"type":"if","locations":[{"start":{"line":449,"column":8},"end":{"line":449,"column":8}},{"start":{"line":449,"column":8},"end":{"line":449,"column":8}}]},"35":{"line":450,"type":"if","locations":[{"start":{"line":450,"column":8},"end":{"line":450,"column":8}},{"start":{"line":450,"column":8},"end":{"line":450,"column":8}}]}}},
"contracts/Token1.sol":{"l":{"10":13,"11":13,"12":13,"13":13,"15":13,"19":19},"path":"/home/ealvarez/ethKipu/Solidity_TP4/contracts/Token1.sol","s":{"1":13,"2":13,"3":13,"4":13,"5":13,"6":19},"b":{"1":[19,0]},"f":{"1":13,"2":19},"fnMap":{"1":{"name":"constructor","line":9,"loc":{"start":{"line":9,"column":4},"end":{"line":16,"column":4}}},"2":{"name":"mint","line":18,"loc":{"start":{"line":18,"column":4},"end":{"line":20,"column":4}}}},"statementMap":{"1":{"start":{"line":10,"column":8},"end":{"line":10,"column":38}},"2":{"start":{"line":11,"column":8},"end":{"line":11,"column":49}},"3":{"start":{"line":12,"column":8},"end":{"line":12,"column":81}},"4":{"start":{"line":13,"column":8},"end":{"line":13,"column":81}},"5":{"start":{"line":15,"column":8},"end":{"line":15,"column":98}},"6":{"start":{"line":19,"column":8},"end":{"line":19,"column":24}}},"branchMap":{"1":{"line":18,"type":"if","locations":[{"start":{"line":18,"column":53},"end":{"line":18,"column":53}},{"start":{"line":18,"column":53},"end":{"line":18,"column":53}}]}}},
"contracts/Token2.sol":{"l":{"10":13,"11":13,"12":13,"13":13,"15":13,"19":19},"path":"/home/ealvarez/ethKipu/Solidity_TP4/contracts/Token2.sol","s":{"1":13,"2":13,"3":13,"4":13,"5":13,"6":19},"b":{"1":[19,0]},"f":{"1":13,"2":19},"fnMap":{"1":{"name":"constructor","line":9,"loc":{"start":{"line":9,"column":4},"end":{"line":16,"column":4}}},"2":{"name":"mint","line":18,"loc":{"start":{"line":18,"column":4},"end":{"line":20,"column":4}}}},"statementMap":{"1":{"start":{"line":10,"column":8},"end":{"line":10,"column":38}},"2":{"start":{"line":11,"column":8},"end":{"line":11,"column":49}},"3":{"start":{"line":12,"column":8},"end":{"line":12,"column":81}},"4":{"start":{"line":13,"column":8},"end":{"line":13,"column":81}},"5":{"start":{"line":15,"column":8},"end":{"line":15,"column":98}},"6":{"start":{"line":19,"column":8},"end":{"line":19,"column":24}}},"branchMap":{"1":{"line":18,"type":"if","locations":[{"start":{"line":18,"column":53},"end":{"line":18,"column":53}},{"start":{"line":18,"column":53},"end":{"line":18,"column":53}}]}}}}
