TN:
SF:/home/ealvarez/ethKipu/Solidity_TP4/contracts/LiquidityToken.sol
FN:10,constructor
FN:13,mint
FN:17,burnFrom
FNF:3
FNH:3
FNDA:5,constructor
FNDA:11,mint
FNDA:1,burnFrom
DA:14,11
DA:18,1
LF:2
LH:2
BRDA:13,1,0,11
BRDA:13,1,1,0
BRDA:17,2,0,1
BRDA:17,2,1,0
BRF:4
BRH:2
end_of_record
TN:
SF:/home/ealvarez/ethKipu/Solidity_TP4/contracts/SimpleSwap.sol
FN:96,constructor
FN:116,addLiquidity
FN:248,removeLiquidity
FN:316,swapExactTokensForTokens
FN:376,getPrice
FN:403,getAmountOut
FN:419,_getEffectiveAmountOut
FN:431,_getEffectiveLiquidOut
FN:447,_getProportionalValue
FN:459,_getEffectivePrice
FN:472,_transferFrom
FNF:11
FNH:9
FNDA:9,constructor
FNDA:8,addLiquidity
FNDA:1,removeLiquidity
FNDA:1,swapExactTokensForTokens
FNDA:0,getPrice
FNDA:2,getAmountOut
FNDA:1,_getEffectiveAmountOut
FNDA:2,_getEffectiveLiquidOut
FNDA:3,_getProportionalValue
FNDA:0,_getEffectivePrice
FNDA:18,_transferFrom
DA:97,9
DA:120,8
DA:121,8
DA:124,8
DA:125,8
DA:126,8
DA:129,8
DA:130,6
DA:132,5
DA:133,5
DA:134,5
DA:135,5
DA:136,5
DA:144,5
DA:145,5
DA:146,5
DA:147,5
DA:148,5
DA:149,5
DA:155,2
DA:156,2
DA:157,2
DA:158,2
DA:159,2
DA:161,2
DA:162,2
DA:165,2
DA:166,2
DA:169,2
DA:170,2
DA:171,1
DA:172,1
DA:173,1
DA:175,1
DA:176,1
DA:177,1
DA:178,1
DA:179,1
DA:187,7
DA:188,7
DA:189,0
DA:194,7
DA:195,7
DA:196,0
DA:200,7
DA:204,5
DA:205,5
DA:209,2
DA:210,2
DA:212,2
DA:213,2
DA:215,0
DA:220,6
DA:221,6
DA:225,6
DA:226,6
DA:227,6
DA:230,6
DA:232,6
DA:250,1
DA:251,1
DA:252,1
DA:256,1
DA:257,1
DA:258,1
DA:259,1
DA:260,1
DA:261,1
DA:263,1
DA:264,1
DA:267,1
DA:271,1
DA:272,1
DA:273,1
DA:274,1
DA:277,1
DA:281,1
DA:283,1
DA:284,1
DA:285,0
DA:289,1
DA:291,1
DA:292,1
DA:293,0
DA:297,1
DA:298,1
DA:299,1
DA:302,1
DA:304,1
DA:318,1
DA:319,1
DA:322,1
DA:323,1
DA:324,1
DA:325,1
DA:326,1
DA:327,1
DA:329,1
DA:330,1
DA:332,1
DA:333,1
DA:336,1
DA:337,1
DA:342,1
DA:343,1
DA:344,0
DA:348,1
DA:350,1
DA:351,1
DA:352,0
DA:355,1
DA:356,1
DA:357,1
DA:360,1
DA:361,1
DA:362,1
DA:365,1
DA:367,1
DA:380,0
DA:381,0
DA:382,0
DA:383,0
DA:384,0
DA:386,0
DA:387,0
DA:391,0
DA:392,0
DA:406,2
DA:408,2
DA:421,1
DA:422,1
DA:434,2
DA:435,2
DA:449,3
DA:450,3
DA:451,3
DA:461,0
DA:462,0
DA:473,18
LF:139
LH:121
BRDA:120,1,0,8
BRDA:120,1,1,0
BRDA:121,2,0,8
BRDA:121,2,1,0
BRDA:129,3,0,6
BRDA:129,3,1,2
BRDA:130,4,0,5
BRDA:130,4,1,1
BRDA:161,5,0,2
BRDA:161,5,1,0
BRDA:162,6,0,2
BRDA:162,6,1,0
BRDA:170,7,0,1
BRDA:170,7,1,1
BRDA:171,8,0,1
BRDA:171,8,1,0
BRDA:177,9,0,1
BRDA:177,9,1,0
BRDA:188,10,0,0
BRDA:188,10,1,7
BRDA:195,11,0,0
BRDA:195,11,1,7
BRDA:200,12,0,5
BRDA:200,12,1,2
BRDA:212,13,0,2
BRDA:212,13,1,0
BRDA:220,14,0,6
BRDA:220,14,1,0
BRDA:250,15,0,1
BRDA:250,15,1,0
BRDA:251,16,0,1
BRDA:251,16,1,0
BRDA:252,17,0,1
BRDA:252,17,1,0
BRDA:263,18,0,1
BRDA:263,18,1,0
BRDA:264,19,0,1
BRDA:264,19,1,0
BRDA:267,20,0,1
BRDA:267,20,1,0
BRDA:272,21,0,1
BRDA:272,21,1,0
BRDA:274,22,0,1
BRDA:274,22,1,0
BRDA:284,23,0,0
BRDA:284,23,1,1
BRDA:292,24,0,0
BRDA:292,24,1,1
BRDA:318,25,0,1
BRDA:318,25,1,0
BRDA:319,26,0,1
BRDA:319,26,1,0
BRDA:332,27,0,1
BRDA:332,27,1,0
BRDA:333,28,0,1
BRDA:333,28,1,0
BRDA:337,29,0,1
BRDA:337,29,1,0
BRDA:343,30,0,0
BRDA:343,30,1,1
BRDA:351,31,0,0
BRDA:351,31,1,1
BRDA:386,32,0,0
BRDA:386,32,1,0
BRDA:387,33,0,0
BRDA:387,33,1,0
BRDA:449,34,0,3
BRDA:449,34,1,0
BRDA:450,35,0,3
BRDA:450,35,1,0
BRF:70
BRH:37
end_of_record
TN:
SF:/home/ealvarez/ethKipu/Solidity_TP4/contracts/Token1.sol
FN:9,constructor
FN:18,mint
FNF:2
FNH:2
FNDA:13,constructor
FNDA:19,mint
DA:10,13
DA:11,13
DA:12,13
DA:13,13
DA:15,13
DA:19,19
LF:6
LH:6
BRDA:18,1,0,19
BRDA:18,1,1,0
BRF:2
BRH:1
end_of_record
TN:
SF:/home/ealvarez/ethKipu/Solidity_TP4/contracts/Token2.sol
FN:9,constructor
FN:18,mint
FNF:2
FNH:2
FNDA:13,constructor
FNDA:19,mint
DA:10,13
DA:11,13
DA:12,13
DA:13,13
DA:15,13
DA:19,19
LF:6
LH:6
BRDA:18,1,0,19
BRDA:18,1,1,0
BRF:2
BRH:1
end_of_record
