TN:
SF:/home/ealvarez/ethKipu/Solidity_TP4/contracts/LiquidityToken.sol
FN:10,constructor
FN:13,mint
FN:17,burnFrom
FNF:3
FNH:2
FNDA:3,constructor
FNDA:5,mint
FNDA:0,burnFrom
DA:14,5
DA:18,0
LF:2
LH:1
BRDA:13,1,0,5
BRDA:13,1,1,0
BRDA:17,2,0,0
BRDA:17,2,1,0
BRF:4
BRH:1
end_of_record
TN:
SF:/home/ealvarez/ethKipu/Solidity_TP4/contracts/SimpleSwap.sol
FN:68,constructor
FN:88,addLiquidity
FN:203,removeLiquidity
FN:261,swapExactTokensForTokens
FN:313,getPrice
FN:332,getAmountOut
FN:348,_getEffectiveAmountOut
FN:360,_getEffectiveLiquidOut
FN:376,_getProportionalValue
FN:388,_getEffectivePrice
FN:401,_transferFrom
FN:410,_getKey
FNF:12
FNH:7
FNDA:6,constructor
FNDA:3,addLiquidity
FNDA:0,removeLiquidity
FNDA:1,swapExactTokensForTokens
FNDA:0,getPrice
FNDA:2,getAmountOut
FNDA:1,_getEffectiveAmountOut
FNDA:0,_getEffectiveLiquidOut
FNDA:0,_getProportionalValue
FNDA:0,_getEffectivePrice
FNDA:8,_transferFrom
FNDA:4,_getKey
DA:69,6
DA:92,3
DA:93,3
DA:95,3
DA:96,3
DA:99,3
DA:100,3
DA:101,3
DA:103,3
DA:104,3
DA:105,3
DA:109,3
DA:110,3
DA:113,3
DA:114,3
DA:116,3
DA:117,3
DA:118,3
DA:119,3
DA:120,3
DA:126,0
DA:127,0
DA:130,0
DA:131,0
DA:132,0
DA:133,0
DA:134,0
DA:136,0
DA:137,0
DA:138,0
DA:139,0
DA:140,0
DA:148,3
DA:149,3
DA:150,0
DA:155,3
DA:156,3
DA:157,0
DA:161,3
DA:165,3
DA:166,3
DA:170,0
DA:171,0
DA:173,0
DA:174,0
DA:176,0
DA:180,2
DA:183,2
DA:185,2
DA:187,2
DA:205,0
DA:206,0
DA:209,0
DA:210,0
DA:213,0
DA:214,0
DA:216,0
DA:217,0
DA:222,0
DA:223,0
DA:224,0
DA:225,0
DA:228,0
DA:232,0
DA:234,0
DA:235,0
DA:236,0
DA:240,0
DA:242,0
DA:243,0
DA:244,0
DA:247,0
DA:249,0
DA:263,1
DA:264,1
DA:267,1
DA:268,1
DA:270,1
DA:271,1
DA:274,1
DA:275,1
DA:277,1
DA:279,1
DA:280,1
DA:285,1
DA:286,1
DA:287,0
DA:291,1
DA:293,1
DA:294,1
DA:295,0
DA:298,1
DA:299,1
DA:300,1
DA:302,1
DA:304,1
DA:315,0
DA:316,0
DA:320,0
DA:321,0
DA:335,2
DA:337,2
DA:350,1
DA:351,1
DA:363,0
DA:364,0
DA:378,0
DA:379,0
DA:380,0
DA:390,0
DA:391,0
DA:402,8
DA:411,4
DA:412,3
DA:415,1
LF:115
LH:60
BRDA:92,1,0,3
BRDA:92,1,1,0
BRDA:93,2,0,3
BRDA:93,2,1,0
BRDA:99,3,0,3
BRDA:99,3,1,0
BRDA:103,4,0,3
BRDA:103,4,1,0
BRDA:116,5,0,3
BRDA:116,5,1,0
BRDA:131,6,0,0
BRDA:131,6,1,0
BRDA:132,7,0,0
BRDA:132,7,1,0
BRDA:138,8,0,0
BRDA:138,8,1,0
BRDA:149,9,0,0
BRDA:149,9,1,3
BRDA:156,10,0,0
BRDA:156,10,1,3
BRDA:161,11,0,3
BRDA:161,11,1,0
BRDA:173,12,0,0
BRDA:173,12,1,0
BRDA:180,13,0,2
BRDA:180,13,1,0
BRDA:205,14,0,0
BRDA:205,14,1,0
BRDA:206,15,0,0
BRDA:206,15,1,0
BRDA:216,16,0,0
BRDA:216,16,1,0
BRDA:217,17,0,0
BRDA:217,17,1,0
BRDA:223,18,0,0
BRDA:223,18,1,0
BRDA:225,19,0,0
BRDA:225,19,1,0
BRDA:235,20,0,0
BRDA:235,20,1,0
BRDA:243,21,0,0
BRDA:243,21,1,0
BRDA:263,22,0,1
BRDA:263,22,1,0
BRDA:264,23,0,1
BRDA:264,23,1,0
BRDA:277,24,0,1
BRDA:277,24,1,0
BRDA:280,25,0,1
BRDA:280,25,1,0
BRDA:286,26,0,0
BRDA:286,26,1,1
BRDA:294,27,0,0
BRDA:294,27,1,1
BRDA:315,28,0,0
BRDA:315,28,1,0
BRDA:316,29,0,0
BRDA:316,29,1,0
BRDA:378,30,0,0
BRDA:378,30,1,0
BRDA:379,31,0,0
BRDA:379,31,1,0
BRDA:411,32,0,3
BRDA:411,32,1,1
BRF:64
BRH:17
end_of_record
TN:
SF:/home/ealvarez/ethKipu/Solidity_TP4/contracts/Token1.sol
FN:9,constructor
FN:16,mint
FNF:2
FNH:2
FNDA:10,constructor
FNDA:13,mint
DA:10,10
DA:11,10
DA:12,10
DA:13,10
DA:17,13
LF:5
LH:5
BRDA:16,1,0,13
BRDA:16,1,1,0
BRF:2
BRH:1
end_of_record
TN:
SF:/home/ealvarez/ethKipu/Solidity_TP4/contracts/Token2.sol
FN:9,constructor
FN:16,mint
FNF:2
FNH:2
FNDA:10,constructor
FNDA:7,mint
DA:10,10
DA:11,10
DA:12,10
DA:13,10
DA:17,7
LF:5
LH:5
BRDA:16,1,0,7
BRDA:16,1,1,0
BRF:2
BRH:1
end_of_record
